\BOOKMARK [1][-]{section.1}{Resumen\040del\040Proyecto}{}% 1
\BOOKMARK [1][-]{section.2}{Resumen del período a informar}{}% 2
\BOOKMARK [1][-]{section.3}{Actividades\040programadas\040y\040ejecutadas}{}% 3
\BOOKMARK [2][-]{subsection.3.1}{Carta\040Gantt}{section.3}% 4
\BOOKMARK [2][-]{subsection.3.2}{Detalle\040de\040actividades\040realizadas}{section.3}% 5
\BOOKMARK [1][-]{section.4}{Cuadro\040de\040antecedentes\040financieros}{}% 6
\BOOKMARK [1][-]{section.5}{Gráfico curva de avance físico v/s programado}{}% 7
\BOOKMARK [1][-]{section.6}{Metodología}{}% 8
\BOOKMARK [2][-]{subsection.6.1}{Componente 1. Actividad 1.1. Diagnóstico técnico-social del Protocolo de Priorización de Inversiones en Mejoramiento de la eficiencia de Conducción Hídrica}{section.6}% 9
\BOOKMARK [3][-]{subsubsection.6.1.1}{Información requerida por el Protocolo de priorización de inversiones en mejoramiento de la eficiencia de conducción hídrica.}{subsection.6.1}% 10
\BOOKMARK [3][-]{subsubsection.6.1.2}{Recopilación información de la zona a evaluar y de la Organización de Usuarios de Aguas.}{subsection.6.1}% 11
\BOOKMARK [3][-]{subsubsection.6.1.3}{Sistema de Información Geográfica \(S.I.G.\) de la red hídrica de una Organización de Usuarios de Aguas}{subsection.6.1}% 12
\BOOKMARK [3][-]{subsubsection.6.1.4}{Determinación de pérdidas generales por conducción}{subsection.6.1}% 13
\BOOKMARK [3][-]{subsubsection.6.1.5}{Protocolo de priorización de inversiones en mejoramiento de la eficiencia de conducción hídrica}{subsection.6.1}% 14
\BOOKMARK [3][-]{subsubsection.6.1.6}{Diagnóstico del Protocolo de priorización de inversiones en mejoramiento de la eficiencia de conducción hídrica}{subsection.6.1}% 15
\BOOKMARK [2][-]{subsection.6.2}{Componente 1. Actividad 1.2. Definición parámetros y generación de los protocolos de variable superficie bajo riego y potencial.}{section.6}% 16
\BOOKMARK [2][-]{subsection.6.3}{Componente 1. Actividad 1.3. Definición de parámetros y generación de los protocolos para la variable modelamiento hidrológico.}{section.6}% 17
\BOOKMARK [2][-]{subsection.6.4}{Componente 1. Actividad 1.4. Validación del protocolo técnico-social de inversión en mejoramiento de la eficiencia en conducción hídrica.}{section.6}% 18
\BOOKMARK [1][-]{section.7}{Resultados\040e\040Hitos}{}% 19
\BOOKMARK [2][-]{subsection.7.1}{Componente 1. Actividad 1.1. Diagnóstico del Protocolo de Priorización de Inversiones en Mejoramiento de la eficiencia de Conducción Hídrica}{section.7}% 20
\BOOKMARK [3][-]{subsubsection.7.1.1}{Propuesta\040de\040fortalecimiento}{subsection.7.1}% 21
\BOOKMARK [2][-]{subsection.7.2}{Componente 1. Actividad 1.2. Definición parámetros y generación de los protocolos de variable superficie bajo riego y potencial.}{section.7}% 22
\BOOKMARK [2][-]{subsection.7.3}{Componente 1. Actividad 1.3. Definición de parámetros y generación de los protocolos para la variable modelamiento hidrológico.}{section.7}% 23
\BOOKMARK [2][-]{subsection.7.4}{Componente 1. Actividad 1.4. Validación del protocolo técnico-social de inversión en mejoramiento de la eficiencia en conducción hídrica.}{section.7}% 24
\BOOKMARK [3][-]{subsubsection.7.4.1}{Componente 1. Actividad 1.4.1. Validación S.I.G. red de distribución y bocatomas para desarrollo de protocolo}{subsection.7.4}% 25
\BOOKMARK [3][-]{subsubsection.7.4.2}{Componente 1. Actividad 1.4.2. Validación variable superficie bajo riego y potencial.}{subsection.7.4}% 26
