This is XeTeX, Version 3.14159265-2.6-0.99999 (MiKTeX 2.9.6630 64-bit) (preloaded format=xelatex 2018.5.14)  14 MAY 2018 17:13
entering extended mode
**"./Act. 1.1. Diagnóstico protocolo.tex"
("Act. 1.1. Diagnóstico protocolo.tex"
LaTeX2e <2017-04-15>
Babel <3.18> and hyphenation patterns for 75 language(s) loaded.

("C:\Users\Modelación PROMMRA\AppData\Local\Programs\MiKTeX 2.9\tex\latex\base\
article.cls"
Document Class: article 2014/09/29 v1.4h Standard LaTeX document class

("C:\Users\Modelación PROMMRA\AppData\Local\Programs\MiKTeX 2.9\tex\latex\base\
size10.clo"
File: size10.clo 2014/09/29 v1.4h Standard LaTeX file (size option)
)
\c@part=\count79
\c@section=\count80
\c@subsection=\count81
\c@subsubsection=\count82
\c@paragraph=\count83
\c@subparagraph=\count84
\c@figure=\count85
\c@table=\count86
\abovecaptionskip=\skip41
\belowcaptionskip=\skip42
\bibindent=\dimen102
)
("C:\Users\Modelación PROMMRA\AppData\Local\Programs\MiKTeX 2.9\tex\latex\tools
\longtable.sty"
Package: longtable 2014/10/28 v4.11 Multi-page Table package (DPC)
\LTleft=\skip43
\LTright=\skip44
\LTpre=\skip45
\LTpost=\skip46
\LTchunksize=\count87
\LTcapwidth=\dimen103
\LT@head=\box26
\LT@firsthead=\box27
\LT@foot=\box28
\LT@lastfoot=\box29
\LT@cols=\count88
\LT@rows=\count89
\c@LT@tables=\count90
\c@LT@chunks=\count91
\LT@p@ftn=\toks14
)
("C:\Users\Modelación PROMMRA\AppData\Local\Programs\MiKTeX 2.9\tex\latex\lm\lm
odern.sty"
Package: lmodern 2009/10/30 v1.6 Latin Modern Fonts
LaTeX Font Info:    Overwriting symbol font `operators' in version `normal'
(Font)                  OT1/cmr/m/n --> OT1/lmr/m/n on input line 22.
LaTeX Font Info:    Overwriting symbol font `letters' in version `normal'
(Font)                  OML/cmm/m/it --> OML/lmm/m/it on input line 23.
LaTeX Font Info:    Overwriting symbol font `symbols' in version `normal'
(Font)                  OMS/cmsy/m/n --> OMS/lmsy/m/n on input line 24.
LaTeX Font Info:    Overwriting symbol font `largesymbols' in version `normal'
(Font)                  OMX/cmex/m/n --> OMX/lmex/m/n on input line 25.
LaTeX Font Info:    Overwriting symbol font `operators' in version `bold'
(Font)                  OT1/cmr/bx/n --> OT1/lmr/bx/n on input line 26.
LaTeX Font Info:    Overwriting symbol font `letters' in version `bold'
(Font)                  OML/cmm/b/it --> OML/lmm/b/it on input line 27.
LaTeX Font Info:    Overwriting symbol font `symbols' in version `bold'
(Font)                  OMS/cmsy/b/n --> OMS/lmsy/b/n on input line 28.
LaTeX Font Info:    Overwriting symbol font `largesymbols' in version `bold'
(Font)                  OMX/cmex/m/n --> OMX/lmex/m/n on input line 29.
LaTeX Font Info:    Overwriting math alphabet `\mathbf' in version `normal'
(Font)                  OT1/cmr/bx/n --> OT1/lmr/bx/n on input line 31.
LaTeX Font Info:    Overwriting math alphabet `\mathsf' in version `normal'
(Font)                  OT1/cmss/m/n --> OT1/lmss/m/n on input line 32.
LaTeX Font Info:    Overwriting math alphabet `\mathit' in version `normal'
(Font)                  OT1/cmr/m/it --> OT1/lmr/m/it on input line 33.
LaTeX Font Info:    Overwriting math alphabet `\mathtt' in version `normal'
(Font)                  OT1/cmtt/m/n --> OT1/lmtt/m/n on input line 34.
LaTeX Font Info:    Overwriting math alphabet `\mathbf' in version `bold'
(Font)                  OT1/cmr/bx/n --> OT1/lmr/bx/n on input line 35.
LaTeX Font Info:    Overwriting math alphabet `\mathsf' in version `bold'
(Font)                  OT1/cmss/bx/n --> OT1/lmss/bx/n on input line 36.
LaTeX Font Info:    Overwriting math alphabet `\mathit' in version `bold'
(Font)                  OT1/cmr/bx/it --> OT1/lmr/bx/it on input line 37.
LaTeX Font Info:    Overwriting math alphabet `\mathtt' in version `bold'
(Font)                  OT1/cmtt/m/n --> OT1/lmtt/m/n on input line 38.
)
("C:\Users\Modelación PROMMRA\AppData\Local\Programs\MiKTeX 2.9\tex\latex\amsfo
nts\amssymb.sty"
Package: amssymb 2013/01/14 v3.01 AMS font symbols

("C:\Users\Modelación PROMMRA\AppData\Local\Programs\MiKTeX 2.9\tex\latex\amsfo
nts\amsfonts.sty"
Package: amsfonts 2013/01/14 v3.01 Basic AMSFonts support
\@emptytoks=\toks15
\symAMSa=\mathgroup4
\symAMSb=\mathgroup5
LaTeX Font Info:    Overwriting math alphabet `\mathfrak' in version `bold'
(Font)                  U/euf/m/n --> U/euf/b/n on input line 106.
))
("C:\Users\Modelación PROMMRA\AppData\Local\Programs\MiKTeX 2.9\tex\latex\amsma
th\amsmath.sty"
Package: amsmath 2017/09/02 v2.17a AMS math features
\@mathmargin=\skip47

For additional information on amsmath, use the `?' option.

("C:\Users\Modelación PROMMRA\AppData\Local\Programs\MiKTeX 2.9\tex\latex\amsma
th\amstext.sty"
Package: amstext 2000/06/29 v2.01 AMS text

("C:\Users\Modelación PROMMRA\AppData\Local\Programs\MiKTeX 2.9\tex\latex\amsma
th\amsgen.sty"
File: amsgen.sty 1999/11/30 v2.0 generic functions
\@emptytoks=\toks16
\ex@=\dimen104
))
("C:\Users\Modelación PROMMRA\AppData\Local\Programs\MiKTeX 2.9\tex\latex\amsma
th\amsbsy.sty"
Package: amsbsy 1999/11/29 v1.2d Bold Symbols
\pmbraise@=\dimen105
)
("C:\Users\Modelación PROMMRA\AppData\Local\Programs\MiKTeX 2.9\tex\latex\amsma
th\amsopn.sty"
Package: amsopn 2016/03/08 v2.02 operator names
)
\inf@bad=\count92
LaTeX Info: Redefining \frac on input line 213.
\uproot@=\count93
\leftroot@=\count94
LaTeX Info: Redefining \overline on input line 375.
\classnum@=\count95
\DOTSCASE@=\count96
LaTeX Info: Redefining \ldots on input line 472.
LaTeX Info: Redefining \dots on input line 475.
LaTeX Info: Redefining \cdots on input line 596.
\Mathstrutbox@=\box30
\strutbox@=\box31
\big@size=\dimen106
LaTeX Font Info:    Redeclaring font encoding OML on input line 712.
LaTeX Font Info:    Redeclaring font encoding OMS on input line 713.
\macc@depth=\count97
\c@MaxMatrixCols=\count98
\dotsspace@=\muskip10
\c@parentequation=\count99
\dspbrk@lvl=\count100
\tag@help=\toks17
\row@=\count101
\column@=\count102
\maxfields@=\count103
\andhelp@=\toks18
\eqnshift@=\dimen107
\alignsep@=\dimen108
\tagshift@=\dimen109
\tagwidth@=\dimen110
\totwidth@=\dimen111
\lineht@=\dimen112
\@envbody=\toks19
\multlinegap=\skip48
\multlinetaggap=\skip49
\mathdisplay@stack=\toks20
LaTeX Info: Redefining \[ on input line 2817.
LaTeX Info: Redefining \] on input line 2818.
)
("C:\Users\Modelación PROMMRA\AppData\Local\Programs\MiKTeX 2.9\tex\generic\ifx
etex\ifxetex.sty"
Package: ifxetex 2010/09/12 v0.6 Provides ifxetex conditional
)
("C:\Users\Modelación PROMMRA\AppData\Local\Programs\MiKTeX 2.9\tex\generic\obe
rdiek\ifluatex.sty"
Package: ifluatex 2016/05/16 v1.4 Provides the ifluatex switch (HO)
Package ifluatex Info: LuaTeX not detected.
)
("C:\Users\Modelación PROMMRA\AppData\Local\Programs\MiKTeX 2.9\tex\latex\base\
fixltx2e.sty"
Package: fixltx2e 2016/12/29 v2.1a fixes to LaTeX (obsolete)
Applying: [2015/01/01] Old fixltx2e package on input line 46.


Package fixltx2e Warning: fixltx2e is not required with releases after 2015
(fixltx2e)                All fixes are now in the LaTeX kernel.
(fixltx2e)                See the latexrelease package for details.

Already applied: [0000/00/00] Old fixltx2e package on input line 53.
) ("C:\Program Files\MiKTeX 2.9\tex\xelatex\mathspec\mathspec.sty"
Package: mathspec 2016/12/22 v0.2b LaTeX Package (Mathematics font selection fo
r XeLaTeX)

("C:\Program Files\MiKTeX 2.9\tex\latex\etoolbox\etoolbox.sty"
Package: etoolbox 2018/02/11 v2.5e e-TeX tools for LaTeX (JAW)
\etb@tempcnta=\count104
)
("C:\Users\Modelación PROMMRA\AppData\Local\Programs\MiKTeX 2.9\tex\latex\fonts
pec\fontspec.sty"
("C:\Program Files\MiKTeX 2.9\tex\latex\l3packages\xparse\xparse.sty"
("C:\Program Files\MiKTeX 2.9\tex\latex\l3kernel\expl3.sty"
Package: expl3 2018-04-30 L3 programming layer (loader) 

("C:\Program Files\MiKTeX 2.9\tex\latex\l3kernel\expl3-code.tex"
Package: expl3 2018-04-30 L3 programming layer (code)
\c_max_int=\count105
\l_tmpa_int=\count106
\l_tmpb_int=\count107
\g_tmpa_int=\count108
\g_tmpb_int=\count109
\g__kernel_prg_map_int=\count110
\c_log_iow=\count111
\l_iow_line_count_int=\count112
\l__iow_line_target_int=\count113
\l__iow_one_indent_int=\count114
\l__iow_indent_int=\count115
\c_zero_dim=\dimen113
\c_max_dim=\dimen114
\l_tmpa_dim=\dimen115
\l_tmpb_dim=\dimen116
\g_tmpa_dim=\dimen117
\g_tmpb_dim=\dimen118
\c_zero_skip=\skip50
\c_max_skip=\skip51
\l_tmpa_skip=\skip52
\l_tmpb_skip=\skip53
\g_tmpa_skip=\skip54
\g_tmpb_skip=\skip55
\c_zero_muskip=\muskip11
\c_max_muskip=\muskip12
\l_tmpa_muskip=\muskip13
\l_tmpb_muskip=\muskip14
\g_tmpa_muskip=\muskip15
\g_tmpb_muskip=\muskip16
\l_keys_choice_int=\count116
\l__intarray_loop_int=\count117
\c__intarray_sp_dim=\dimen119
\g__intarray_font_int=\count118
\c__fp_leading_shift_int=\count119
\c__fp_middle_shift_int=\count120
\c__fp_trailing_shift_int=\count121
\c__fp_big_leading_shift_int=\count122
\c__fp_big_middle_shift_int=\count123
\c__fp_big_trailing_shift_int=\count124
\c__fp_Bigg_leading_shift_int=\count125
\c__fp_Bigg_middle_shift_int=\count126
\c__fp_Bigg_trailing_shift_int=\count127
\g__fp_array_int=\count128
\l__fp_array_loop_int=\count129
\l__sort_length_int=\count130
\l__sort_min_int=\count131
\l__sort_top_int=\count132
\l__sort_max_int=\count133
\l__sort_true_max_int=\count134
\l__sort_block_int=\count135
\l__sort_begin_int=\count136
\l__sort_end_int=\count137
\l__sort_A_int=\count138
\l__sort_B_int=\count139
\l__sort_C_int=\count140
\l__tl_analysis_normal_int=\count141
\l__tl_analysis_index_int=\count142
\l__tl_analysis_nesting_int=\count143
\l__tl_analysis_type_int=\count144
\l__regex_internal_a_int=\count145
\l__regex_internal_b_int=\count146
\l__regex_internal_c_int=\count147
\l__regex_balance_int=\count148
\l__regex_group_level_int=\count149
\l__regex_mode_int=\count150
\c__regex_cs_in_class_mode_int=\count151
\c__regex_cs_mode_int=\count152
\l__regex_catcodes_int=\count153
\l__regex_default_catcodes_int=\count154
\c__regex_catcode_L_int=\count155
\c__regex_catcode_O_int=\count156
\c__regex_catcode_A_int=\count157
\c__regex_all_catcodes_int=\count158
\l__regex_show_lines_int=\count159
\l__regex_min_state_int=\count160
\l__regex_max_state_int=\count161
\l__regex_left_state_int=\count162
\l__regex_right_state_int=\count163
\l__regex_capturing_group_int=\count164
\l__regex_min_pos_int=\count165
\l__regex_max_pos_int=\count166
\l__regex_curr_pos_int=\count167
\l__regex_start_pos_int=\count168
\l__regex_success_pos_int=\count169
\l__regex_curr_char_int=\count170
\l__regex_curr_catcode_int=\count171
\l__regex_last_char_int=\count172
\l__regex_case_changed_char_int=\count173
\l__regex_curr_state_int=\count174
\l__regex_step_int=\count175
\l__regex_min_active_int=\count176
\l__regex_max_active_int=\count177
\l__regex_replacement_csnames_int=\count178
\l__regex_match_count_int=\count179
\l__regex_min_submatch_int=\count180
\l__regex_submatch_int=\count181
\l__regex_zeroth_submatch_int=\count182
\g__regex_trace_regex_int=\count183
\c_empty_box=\box32
\l_tmpa_box=\box33
\l_tmpb_box=\box34
\g_tmpa_box=\box35
\g_tmpb_box=\box36
\l__box_top_dim=\dimen120
\l__box_bottom_dim=\dimen121
\l__box_left_dim=\dimen122
\l__box_right_dim=\dimen123
\l__box_top_new_dim=\dimen124
\l__box_bottom_new_dim=\dimen125
\l__box_left_new_dim=\dimen126
\l__box_right_new_dim=\dimen127
\l__box_internal_box=\box37
\l__coffin_internal_box=\box38
\l__coffin_internal_dim=\dimen128
\l__coffin_offset_x_dim=\dimen129
\l__coffin_offset_y_dim=\dimen130
\l__coffin_x_dim=\dimen131
\l__coffin_y_dim=\dimen132
\l__coffin_x_prime_dim=\dimen133
\l__coffin_y_prime_dim=\dimen134
\c_empty_coffin=\box39
\l__coffin_aligned_coffin=\box40
\l__coffin_aligned_internal_coffin=\box41
\l_tmpa_coffin=\box42
\l_tmpb_coffin=\box43
\l__coffin_display_coffin=\box44
\l__coffin_display_coord_coffin=\box45
\l__coffin_display_pole_coffin=\box46
\l__coffin_display_offset_dim=\dimen135
\l__coffin_display_x_dim=\dimen136
\l__coffin_display_y_dim=\dimen137
\g__file_internal_ior=\read1
\l__coffin_bounding_shift_dim=\dimen138
\l__coffin_left_corner_dim=\dimen139
\l__coffin_right_corner_dim=\dimen140
\l__coffin_bottom_corner_dim=\dimen141
\l__coffin_top_corner_dim=\dimen142
\l__coffin_scaled_total_height_dim=\dimen143
\l__coffin_scaled_width_dim=\dimen144
)
("C:\Program Files\MiKTeX 2.9\tex\latex\l3kernel\l3xdvipdfmx.def"
File: l3xdvidpfmx.def 2018-05-12 v L3 Experimental driver: xdvipdfmx
\g__driver_image_int=\count184
))
Package: xparse 2018-05-12 L3 Experimental document command parser
\l__xparse_current_arg_int=\count185
\g__xparse_grabber_int=\count186
\l__xparse_m_args_int=\count187
\l__xparse_mandatory_args_int=\count188
\l__xparse_v_nesting_int=\count189
)
Package: fontspec 2017/11/09 v2.6g Font selection for XeLaTeX and LuaLaTeX

("C:\Users\Modelación PROMMRA\AppData\Local\Programs\MiKTeX 2.9\tex\latex\fonts
pec\fontspec-xetex.sty"
Package: fontspec-xetex 2017/11/09 v2.6g Font selection for XeLaTeX and LuaLaTe
X
\l__fontspec_script_int=\count190
\l__fontspec_language_int=\count191
\l__fontspec_strnum_int=\count192
\l__fontspec_tmp_int=\count193
\l__fontspec_em_int=\count194
\l__fontspec_emdef_int=\count195
\l__fontspec_strong_int=\count196
\l__fontspec_strongdef_int=\count197
\l__fontspec_tmpa_dim=\dimen145
\l__fontspec_tmpb_dim=\dimen146
\l__fontspec_tmpc_dim=\dimen147

("C:\Users\Modelación PROMMRA\AppData\Local\Programs\MiKTeX 2.9\tex\latex\base\
fontenc.sty"
Package: fontenc 2017/04/05 v2.0i Standard LaTeX package

("C:\Users\Modelación PROMMRA\AppData\Local\Programs\MiKTeX 2.9\tex\latex\base\
tuenc.def"
File: tuenc.def 2017/04/05 v2.0i Standard LaTeX file
LaTeX Font Info:    Redeclaring font encoding TU on input line 82.
))
.................................................
. LaTeX info: "xparse/define-command"
. 
. Defining command \fontspec with sig. 'O{}mO{}' on line 542.
.................................................
.................................................
. LaTeX info: "xparse/define-command"
. 
. Defining command \setmainfont with sig. 'O{}mO{}' on line 546.
.................................................
.................................................
. LaTeX info: "xparse/define-command"
. 
. Defining command \setsansfont with sig. 'O{}mO{}' on line 550.
.................................................
.................................................
. LaTeX info: "xparse/define-command"
. 
. Defining command \setmonofont with sig. 'O{}mO{}' on line 554.
.................................................
.................................................
. LaTeX info: "xparse/define-command"
. 
. Defining command \setmathrm with sig. 'O{}mO{}' on line 558.
.................................................
.................................................
. LaTeX info: "xparse/define-command"
. 
. Defining command \setboldmathrm with sig. 'O{}mO{}' on line 562.
.................................................
.................................................
. LaTeX info: "xparse/define-command"
. 
. Defining command \setmathsf with sig. 'O{}mO{}' on line 566.
.................................................
.................................................
. LaTeX info: "xparse/define-command"
. 
. Defining command \setmathtt with sig. 'O{}mO{}' on line 570.
.................................................
.................................................
. LaTeX info: "xparse/define-command"
. 
. Defining command \setromanfont with sig. 'O{}mO{}' on line 574.
.................................................
.................................................
. LaTeX info: "xparse/define-command"
. 
. Defining command \newfontfamily with sig. 'mO{}mO{}' on line 578.
.................................................
.................................................
. LaTeX info: "xparse/define-command"
. 
. Defining command \newfontface with sig. 'mO{}mO{}' on line 582.
.................................................
.................................................
. LaTeX info: "xparse/define-command"
. 
. Defining command \defaultfontfeatures with sig. 't+om' on line 586.
.................................................
.................................................
. LaTeX info: "xparse/define-command"
. 
. Defining command \addfontfeatures with sig. 'm' on line 590.
.................................................
.................................................
. LaTeX info: "xparse/define-command"
. 
. Defining command \addfontfeature with sig. 'm' on line 594.
.................................................
.................................................
. LaTeX info: "xparse/define-command"
. 
. Defining command \newfontfeature with sig. 'mm' on line 598.
.................................................
.................................................
. LaTeX info: "xparse/define-command"
. 
. Defining command \newAATfeature with sig. 'mmmm' on line 602.
.................................................
.................................................
. LaTeX info: "xparse/define-command"
. 
. Defining command \newopentypefeature with sig. 'mmm' on line 606.
.................................................
.................................................
. LaTeX info: "xparse/define-command"
. 
. Defining command \newICUfeature with sig. 'mmm' on line 610.
.................................................
.................................................
. LaTeX info: "xparse/define-command"
. 
. Defining command \aliasfontfeature with sig. 'mm' on line 614.
.................................................
.................................................
. LaTeX info: "xparse/define-command"
. 
. Defining command \aliasfontfeatureoption with sig. 'mmm' on line 618.
.................................................
.................................................
. LaTeX info: "xparse/define-command"
. 
. Defining command \newfontscript with sig. 'mm' on line 622.
.................................................
.................................................
. LaTeX info: "xparse/define-command"
. 
. Defining command \newfontlanguage with sig. 'mm' on line 626.
.................................................
.................................................
. LaTeX info: "xparse/define-command"
. 
. Defining command \DeclareFontsExtensions with sig. 'm' on line 630.
.................................................
.................................................
. LaTeX info: "xparse/define-command"
. 
. Defining command \IfFontFeatureActiveTF with sig. 'mmm' on line 634.
.................................................
.................................................
. LaTeX info: "xparse/define-command"
. 
. Defining command \EncodingCommand with sig. 'mO{}m' on line 3632.
.................................................
.................................................
. LaTeX info: "xparse/define-command"
. 
. Defining command \EncodingAccent with sig. 'mm' on line 3638.
.................................................
.................................................
. LaTeX info: "xparse/define-command"
. 
. Defining command \EncodingSymbol with sig. 'mm' on line 3644.
.................................................
.................................................
. LaTeX info: "xparse/define-command"
. 
. Defining command \EncodingComposite with sig. 'mmm' on line 3650.
.................................................
.................................................
. LaTeX info: "xparse/define-command"
. 
. Defining command \EncodingCompositeCommand with sig. 'mmm' on line 3656.
.................................................
.................................................
. LaTeX info: "xparse/define-command"
. 
. Defining command \DeclareUnicodeEncoding with sig. 'mm' on line 3681.
.................................................
.................................................
. LaTeX info: "xparse/define-command"
. 
. Defining command \UndeclareSymbol with sig. 'm' on line 3687.
.................................................
.................................................
. LaTeX info: "xparse/define-command"
. 
. Defining command \UndeclareAccent with sig. 'm' on line 3693.
.................................................
.................................................
. LaTeX info: "xparse/define-command"
. 
. Defining command \UndeclareCommand with sig. 'm' on line 3699.
.................................................
.................................................
. LaTeX info: "xparse/define-command"
. 
. Defining command \UndeclareComposite with sig. 'mm' on line 3706.
.................................................

("C:\Users\Modelación PROMMRA\AppData\Local\Programs\MiKTeX 2.9\tex\latex\fonts
pec\fontspec.cfg")
LaTeX Info: Redefining \itshape on input line 3891.
LaTeX Info: Redefining \slshape on input line 3896.
LaTeX Info: Redefining \scshape on input line 3901.
LaTeX Info: Redefining \upshape on input line 3906.
LaTeX Info: Redefining \em on input line 3936.
LaTeX Info: Redefining \emph on input line 3961.
LaTeX Info: Redefining \- on input line 4015.
.................................................
. LaTeX info: "xparse/redefine-command"
. 
. Redefining command \oldstylenums with sig. 'm' on line 4110.
.................................................
.................................................
. LaTeX info: "xparse/define-command"
. 
. Defining command \liningnums with sig. 'm' on line 4114.
.................................................
))
("C:\Users\Modelación PROMMRA\AppData\Local\Programs\MiKTeX 2.9\tex\latex\xkeyv
al\xkeyval.sty"
Package: xkeyval 2014/12/03 v2.7a package option processing (HA)

("C:\Users\Modelación PROMMRA\AppData\Local\Programs\MiKTeX 2.9\tex\generic\xke
yval\xkeyval.tex"
("C:\Users\Modelación PROMMRA\AppData\Local\Programs\MiKTeX 2.9\tex\generic\xke
yval\xkvutils.tex"
\XKV@toks=\toks21
\XKV@tempa@toks=\toks22

("C:\Users\Modelación PROMMRA\AppData\Local\Programs\MiKTeX 2.9\tex\generic\xke
yval\keyval.tex"))
\XKV@depth=\count198
File: xkeyval.tex 2014/12/03 v2.7a key=value parser (HA)
))
\c@eu@=\count199
\c@eu@i=\count266
\c@mkern=\count267
)
("C:\Program Files\MiKTeX 2.9\tex\latex\upquote\upquote.sty"
Package: upquote 2012/04/19 v1.3 upright-quote and grave-accent glyphs in verba
tim

("C:\Users\Modelación PROMMRA\AppData\Local\Programs\MiKTeX 2.9\tex\latex\base\
textcomp.sty"
Package: textcomp 2017/04/05 v2.0i Standard LaTeX package
Package textcomp Info: Sub-encoding information:
(textcomp)               5 = only ISO-Adobe without \textcurrency
(textcomp)               4 = 5 + \texteuro
(textcomp)               3 = 4 + \textohm
(textcomp)               2 = 3 + \textestimated + \textcurrency
(textcomp)               1 = TS1 - \textcircled - \t
(textcomp)               0 = TS1 (full)
(textcomp)             Font families with sub-encoding setting implement
(textcomp)             only a restricted character set as indicated.
(textcomp)             Family '?' is the default used for unknown fonts.
(textcomp)             See the documentation for details.
Package textcomp Info: Setting ? sub-encoding to TS1/1 on input line 79.

("C:\Users\Modelación PROMMRA\AppData\Local\Programs\MiKTeX 2.9\tex\latex\base\
ts1enc.def"
File: ts1enc.def 2001/06/05 v3.0e (jk/car/fm) Standard LaTeX file
)
LaTeX Info: Redefining \oldstylenums on input line 334.
Package textcomp Info: Setting cmr sub-encoding to TS1/0 on input line 349.
Package textcomp Info: Setting cmss sub-encoding to TS1/0 on input line 350.
Package textcomp Info: Setting cmtt sub-encoding to TS1/0 on input line 351.
Package textcomp Info: Setting cmvtt sub-encoding to TS1/0 on input line 352.
Package textcomp Info: Setting cmbr sub-encoding to TS1/0 on input line 353.
Package textcomp Info: Setting cmtl sub-encoding to TS1/0 on input line 354.
Package textcomp Info: Setting ccr sub-encoding to TS1/0 on input line 355.
Package textcomp Info: Setting ptm sub-encoding to TS1/4 on input line 356.
Package textcomp Info: Setting pcr sub-encoding to TS1/4 on input line 357.
Package textcomp Info: Setting phv sub-encoding to TS1/4 on input line 358.
Package textcomp Info: Setting ppl sub-encoding to TS1/3 on input line 359.
Package textcomp Info: Setting pag sub-encoding to TS1/4 on input line 360.
Package textcomp Info: Setting pbk sub-encoding to TS1/4 on input line 361.
Package textcomp Info: Setting pnc sub-encoding to TS1/4 on input line 362.
Package textcomp Info: Setting pzc sub-encoding to TS1/4 on input line 363.
Package textcomp Info: Setting bch sub-encoding to TS1/4 on input line 364.
Package textcomp Info: Setting put sub-encoding to TS1/5 on input line 365.
Package textcomp Info: Setting uag sub-encoding to TS1/5 on input line 366.
Package textcomp Info: Setting ugq sub-encoding to TS1/5 on input line 367.
Package textcomp Info: Setting ul8 sub-encoding to TS1/4 on input line 368.
Package textcomp Info: Setting ul9 sub-encoding to TS1/4 on input line 369.
Package textcomp Info: Setting augie sub-encoding to TS1/5 on input line 370.
Package textcomp Info: Setting dayrom sub-encoding to TS1/3 on input line 371.
Package textcomp Info: Setting dayroms sub-encoding to TS1/3 on input line 372.

Package textcomp Info: Setting pxr sub-encoding to TS1/0 on input line 373.
Package textcomp Info: Setting pxss sub-encoding to TS1/0 on input line 374.
Package textcomp Info: Setting pxtt sub-encoding to TS1/0 on input line 375.
Package textcomp Info: Setting txr sub-encoding to TS1/0 on input line 376.
Package textcomp Info: Setting txss sub-encoding to TS1/0 on input line 377.
Package textcomp Info: Setting txtt sub-encoding to TS1/0 on input line 378.
Package textcomp Info: Setting lmr sub-encoding to TS1/0 on input line 379.
Package textcomp Info: Setting lmdh sub-encoding to TS1/0 on input line 380.
Package textcomp Info: Setting lmss sub-encoding to TS1/0 on input line 381.
Package textcomp Info: Setting lmssq sub-encoding to TS1/0 on input line 382.
Package textcomp Info: Setting lmvtt sub-encoding to TS1/0 on input line 383.
Package textcomp Info: Setting lmtt sub-encoding to TS1/0 on input line 384.
Package textcomp Info: Setting qhv sub-encoding to TS1/0 on input line 385.
Package textcomp Info: Setting qag sub-encoding to TS1/0 on input line 386.
Package textcomp Info: Setting qbk sub-encoding to TS1/0 on input line 387.
Package textcomp Info: Setting qcr sub-encoding to TS1/0 on input line 388.
Package textcomp Info: Setting qcs sub-encoding to TS1/0 on input line 389.
Package textcomp Info: Setting qpl sub-encoding to TS1/0 on input line 390.
Package textcomp Info: Setting qtm sub-encoding to TS1/0 on input line 391.
Package textcomp Info: Setting qzc sub-encoding to TS1/0 on input line 392.
Package textcomp Info: Setting qhvc sub-encoding to TS1/0 on input line 393.
Package textcomp Info: Setting futs sub-encoding to TS1/4 on input line 394.
Package textcomp Info: Setting futx sub-encoding to TS1/4 on input line 395.
Package textcomp Info: Setting futj sub-encoding to TS1/4 on input line 396.
Package textcomp Info: Setting hlh sub-encoding to TS1/3 on input line 397.
Package textcomp Info: Setting hls sub-encoding to TS1/3 on input line 398.
Package textcomp Info: Setting hlst sub-encoding to TS1/3 on input line 399.
Package textcomp Info: Setting hlct sub-encoding to TS1/5 on input line 400.
Package textcomp Info: Setting hlx sub-encoding to TS1/5 on input line 401.
Package textcomp Info: Setting hlce sub-encoding to TS1/5 on input line 402.
Package textcomp Info: Setting hlcn sub-encoding to TS1/5 on input line 403.
Package textcomp Info: Setting hlcw sub-encoding to TS1/5 on input line 404.
Package textcomp Info: Setting hlcf sub-encoding to TS1/5 on input line 405.
Package textcomp Info: Setting pplx sub-encoding to TS1/3 on input line 406.
Package textcomp Info: Setting pplj sub-encoding to TS1/3 on input line 407.
Package textcomp Info: Setting ptmx sub-encoding to TS1/4 on input line 408.
Package textcomp Info: Setting ptmj sub-encoding to TS1/4 on input line 409.
)) ("C:\Program Files\MiKTeX 2.9\tex\latex\microtype\microtype.sty"
Package: microtype 2018/01/14 v2.7a Micro-typographical refinements (RS)
\MT@toks=\toks23
\MT@count=\count268
LaTeX Info: Redefining \textls on input line 793.
\MT@outer@kern=\dimen148
LaTeX Info: Redefining \textmicrotypecontext on input line 1339.
\MT@listname@count=\count269
("C:\Program Files\MiKTeX 2.9\tex\latex\microtype\microtype-xetex.def"
File: microtype-xetex.def 2018/01/14 v2.7a Definitions specific to xetex (RS)
LaTeX Info: Redefining \lsstyle on input line 256.
)
Package microtype Info: Loading configuration file microtype.cfg.

("C:\Program Files\MiKTeX 2.9\tex\latex\microtype\microtype.cfg"
File: microtype.cfg 2018/01/14 v2.7a microtype main configuration file (RS)
))
("C:\Users\Modelación PROMMRA\AppData\Local\Programs\MiKTeX 2.9\tex\latex\geome
try\geometry.sty"
Package: geometry 2010/09/12 v5.6 Page Geometry

("C:\Users\Modelación PROMMRA\AppData\Local\Programs\MiKTeX 2.9\tex\generic\obe
rdiek\ifpdf.sty"
Package: ifpdf 2017/03/15 v3.2 Provides the ifpdf switch
)
("C:\Users\Modelación PROMMRA\AppData\Local\Programs\MiKTeX 2.9\tex\generic\obe
rdiek\ifvtex.sty"
Package: ifvtex 2016/05/16 v1.6 Detect VTeX and its facilities (HO)
Package ifvtex Info: VTeX not detected.
)
\Gm@cnth=\count270
\Gm@cntv=\count271
\c@Gm@tempcnt=\count272
\Gm@bindingoffset=\dimen149
\Gm@wd@mp=\dimen150
\Gm@odd@mp=\dimen151
\Gm@even@mp=\dimen152
\Gm@layoutwidth=\dimen153
\Gm@layoutheight=\dimen154
\Gm@layouthoffset=\dimen155
\Gm@layoutvoffset=\dimen156
\Gm@dimlist=\toks24

("C:\Users\Modelación PROMMRA\AppData\Local\Programs\MiKTeX 2.9\tex\xelatex\xet
exconfig\geometry.cfg"))
("C:\Users\Modelación PROMMRA\AppData\Local\Programs\MiKTeX 2.9\tex\latex\hyper
ref\hyperref.sty"
Package: hyperref 2018/02/06 v6.86b Hypertext links for LaTeX

("C:\Users\Modelación PROMMRA\AppData\Local\Programs\MiKTeX 2.9\tex\generic\obe
rdiek\hobsub-hyperref.sty"
Package: hobsub-hyperref 2016/05/16 v1.14 Bundle oberdiek, subset hyperref (HO)


("C:\Users\Modelación PROMMRA\AppData\Local\Programs\MiKTeX 2.9\tex\generic\obe
rdiek\hobsub-generic.sty"
Package: hobsub-generic 2016/05/16 v1.14 Bundle oberdiek, subset generic (HO)
Package: hobsub 2016/05/16 v1.14 Construct package bundles (HO)
Package: infwarerr 2016/05/16 v1.4 Providing info/warning/error messages (HO)
Package: ltxcmds 2016/05/16 v1.23 LaTeX kernel commands for general use (HO)
Package hobsub Info: Skipping package `ifluatex' (already loaded).
Package hobsub Info: Skipping package `ifvtex' (already loaded).
Package: intcalc 2016/05/16 v1.2 Expandable calculations with integers (HO)
Package hobsub Info: Skipping package `ifpdf' (already loaded).
Package: etexcmds 2016/05/16 v1.6 Avoid name clashes with e-TeX commands (HO)
Package etexcmds Info: Could not find \expanded.
(etexcmds)             That can mean that you are not using pdfTeX 1.50 or
(etexcmds)             that some package has redefined \expanded.
(etexcmds)             In the latter case, load this package earlier.
Package: kvsetkeys 2016/05/16 v1.17 Key value parser (HO)
Package: kvdefinekeys 2016/05/16 v1.4 Define keys (HO)
Package: pdftexcmds 2018/01/21 v0.26 Utility functions of pdfTeX for LuaTeX (HO
)
Package pdftexcmds Info: LuaTeX not detected.
Package pdftexcmds Info: pdfTeX >= 1.30 not detected.
Package pdftexcmds Info: \pdf@primitive is available.
Package pdftexcmds Info: \pdf@ifprimitive is available.
Package pdftexcmds Info: \pdfdraftmode not found.
Package: pdfescape 2016/05/16 v1.14 Implements pdfTeX's escape features (HO)
Package: bigintcalc 2016/05/16 v1.4 Expandable calculations on big integers (HO
)
Package: bitset 2016/05/16 v1.2 Handle bit-vector datatype (HO)
Package: uniquecounter 2016/05/16 v1.3 Provide unlimited unique counter (HO)
)
Package hobsub Info: Skipping package `hobsub' (already loaded).
Package: letltxmacro 2016/05/16 v1.5 Let assignment for LaTeX macros (HO)
Package: hopatch 2016/05/16 v1.3 Wrapper for package hooks (HO)
Package: xcolor-patch 2016/05/16 xcolor patch
Package: atveryend 2016/05/16 v1.9 Hooks at the very end of document (HO)
Package: atbegshi 2016/06/09 v1.18 At begin shipout hook (HO)
Package: refcount 2016/05/16 v3.5 Data extraction from label references (HO)
Package: hycolor 2016/05/16 v1.8 Color options for hyperref/bookmark (HO)
)
("C:\Users\Modelación PROMMRA\AppData\Local\Programs\MiKTeX 2.9\tex\latex\oberd
iek\auxhook.sty"
Package: auxhook 2016/05/16 v1.4 Hooks for auxiliary files (HO)
)
("C:\Users\Modelación PROMMRA\AppData\Local\Programs\MiKTeX 2.9\tex\latex\oberd
iek\kvoptions.sty"
Package: kvoptions 2016/05/16 v3.12 Key value format for package options (HO)
)
\@linkdim=\dimen157
\Hy@linkcounter=\count273
\Hy@pagecounter=\count274

("C:\Users\Modelación PROMMRA\AppData\Local\Programs\MiKTeX 2.9\tex\latex\hyper
ref\pd1enc.def"
File: pd1enc.def 2018/02/06 v6.86b Hyperref: PDFDocEncoding definition (HO)
)
\Hy@SavedSpaceFactor=\count275

("C:\Users\Modelación PROMMRA\AppData\Local\Programs\MiKTeX 2.9\tex\latex\00mik
tex\hyperref.cfg"
File: hyperref.cfg 2002/06/06 v1.2 hyperref configuration of TeXLive
)
Package hyperref Info: Hyper figures OFF on input line 4509.
Package hyperref Info: Link nesting OFF on input line 4514.
Package hyperref Info: Hyper index ON on input line 4517.
Package hyperref Info: Plain pages OFF on input line 4524.
Package hyperref Info: Backreferencing OFF on input line 4529.
Package hyperref Info: Implicit mode ON; LaTeX internals redefined.
Package hyperref Info: Bookmarks ON on input line 4762.
\c@Hy@tempcnt=\count276
 ("C:\Program Files\MiKTeX 2.9\tex\latex\url\url.sty"
\Urlmuskip=\muskip17
Package: url 2013/09/16  ver 3.4  Verb mode for urls, etc.
)
LaTeX Info: Redefining \url on input line 5115.
\XeTeXLinkMargin=\dimen158
\Fld@menulength=\count277
\Field@Width=\dimen159
\Fld@charsize=\dimen160
Package hyperref Info: Hyper figures OFF on input line 6369.
Package hyperref Info: Link nesting OFF on input line 6374.
Package hyperref Info: Hyper index ON on input line 6377.
Package hyperref Info: backreferencing OFF on input line 6384.
Package hyperref Info: Link coloring OFF on input line 6389.
Package hyperref Info: Link coloring with OCG OFF on input line 6394.
Package hyperref Info: PDF/A mode OFF on input line 6399.
LaTeX Info: Redefining \ref on input line 6439.
LaTeX Info: Redefining \pageref on input line 6443.
\Hy@abspage=\count278
\c@Item=\count279
\c@Hfootnote=\count280
)
Package hyperref Info: Driver (autodetected): hxetex.

("C:\Users\Modelación PROMMRA\AppData\Local\Programs\MiKTeX 2.9\tex\latex\hyper
ref\hxetex.def"
File: hxetex.def 2018/02/06 v6.86b Hyperref driver for XeTeX

("C:\Users\Modelación PROMMRA\AppData\Local\Programs\MiKTeX 2.9\tex\latex\hyper
ref\puenc.def"
File: puenc.def 2018/02/06 v6.86b Hyperref: PDF Unicode definition (HO)
)
("C:\Users\Modelación PROMMRA\AppData\Local\Programs\MiKTeX 2.9\tex\generic\obe
rdiek\stringenc.sty"
Package: stringenc 2016/05/16 v1.11 Convert strings between diff. encodings (HO
)
)
\pdfm@box=\box47
\c@Hy@AnnotLevel=\count281
\HyField@AnnotCount=\count282
\Fld@listcount=\count283
\c@bookmark@seq@number=\count284

("C:\Users\Modelación PROMMRA\AppData\Local\Programs\MiKTeX 2.9\tex\latex\oberd
iek\rerunfilecheck.sty"
Package: rerunfilecheck 2016/05/16 v1.8 Rerun checks for auxiliary files (HO)
Package rerunfilecheck Info: Feature \pdfmdfivesum is not available
(rerunfilecheck)             (e.g. pdfTeX or LuaTeX with package `pdftexcmds').

(rerunfilecheck)             Therefore file contents cannot be checked efficien
tly
(rerunfilecheck)             and the loading of the package is aborted.
)
\Hy@SectionHShift=\skip56
)
Package hyperref Info: Option `unicode' set `true' on input line 30.

("C:\Users\Modelación PROMMRA\AppData\Local\Programs\MiKTeX 2.9\tex\generic\obe
rdiek\se-ascii-print.def"
File: se-ascii-print.def 2016/05/16 v1.11 stringenc: Printable ASCII characters

)
Package hyperref Info: Option `breaklinks' set `true' on input line 30.

("C:\Users\Modelación PROMMRA\AppData\Local\Programs\MiKTeX 2.9\tex\latex\graph
ics\graphicx.sty"
Package: graphicx 2017/06/01 v1.1a Enhanced LaTeX Graphics (DPC,SPQR)

("C:\Users\Modelación PROMMRA\AppData\Local\Programs\MiKTeX 2.9\tex\latex\graph
ics\graphics.sty"
Package: graphics 2017/06/25 v1.2c Standard LaTeX Graphics (DPC,SPQR)

("C:\Users\Modelación PROMMRA\AppData\Local\Programs\MiKTeX 2.9\tex\latex\graph
ics\trig.sty"
Package: trig 2016/01/03 v1.10 sin cos tan (DPC)
)
("C:\Users\Modelación PROMMRA\AppData\Local\Programs\MiKTeX 2.9\tex\latex\graph
ics-cfg\graphics.cfg"
File: graphics.cfg 2016/06/04 v1.11 sample graphics configuration
)
Package graphics Info: Driver file: xetex.def on input line 99.

("C:\Users\Modelación PROMMRA\AppData\Local\Programs\MiKTeX 2.9\tex\latex\graph
ics-def\xetex.def"
File: xetex.def 2017/06/24 v5.0h Graphics/color driver for xetex
))
\Gin@req@height=\dimen161
\Gin@req@width=\dimen162
)
("C:\Users\Modelación PROMMRA\AppData\Local\Programs\MiKTeX 2.9\tex\latex\oberd
iek\grffile.sty"
Package: grffile 2017/06/30 v1.18 Extended file name support for graphics (HO)
Package grffile Info: Option `multidot' is set to `true'.
Package grffile Info: Option `extendedchars' is set to `false'.
Package grffile Info: Option `space' is set to `true'.
Package grffile Info: \Gin@ii of package `graphicx' fixed on input line 494.
)
("C:\Users\Modelación PROMMRA\AppData\Local\Programs\MiKTeX 2.9\tex\latex\ltxmi
sc\parskip.sty"
Package: parskip 2001/04/09 non-zero parskip adjustments
) ("C:\Program Files\MiKTeX 2.9\tex\latex\titling\titling.sty"
Package: titling 2009/09/04 v2.1d maketitle typesetting
\thanksmarkwidth=\skip57
\thanksmargin=\skip58
\droptitle=\skip59
)
("C:\Program Files\MiKTeX 2.9\tex\latex\titlesec\titlesec.sty"
Package: titlesec 2016/03/21 v2.10.2 Sectioning titles
\ttl@box=\box48
\beforetitleunit=\skip60
\aftertitleunit=\skip61
\ttl@plus=\dimen163
\ttl@minus=\dimen164
\ttl@toksa=\toks25
\titlewidth=\dimen165
\titlewidthlast=\dimen166
\titlewidthfirst=\dimen167
)
("C:\Program Files\MiKTeX 2.9\tex\latex\appendix\appendix.sty"
Package: appendix 2009/09/02 v1.2b extra appendix facilities
\c@@pps=\count285
\c@@ppsavesec=\count286
\c@@ppsaveapp=\count287
)
("C:\Program Files\MiKTeX 2.9\tex\latex\booktabs\booktabs.sty"
Package: booktabs 2005/04/14 v1.61803 publication quality tables
\heavyrulewidth=\dimen168
\lightrulewidth=\dimen169
\cmidrulewidth=\dimen170
\belowrulesep=\dimen171
\belowbottomsep=\dimen172
\aboverulesep=\dimen173
\abovetopsep=\dimen174
\cmidrulesep=\dimen175
\cmidrulekern=\dimen176
\defaultaddspace=\dimen177
\@cmidla=\count288
\@cmidlb=\count289
\@aboverulesep=\dimen178
\@belowrulesep=\dimen179
\@thisruleclass=\count290
\@lastruleclass=\count291
\@thisrulewidth=\dimen180
)
("C:\Users\Modelación PROMMRA\AppData\Local\Programs\MiKTeX 2.9\tex\latex\multi
row\multirow.sty"
Package: multirow 2016/11/25 v2.2 Span multiple rows of a table
\multirow@colwidth=\skip62
\multirow@cntb=\count292
\multirow@dima=\skip63
\bigstrutjot=\dimen181
)
("C:\Program Files\MiKTeX 2.9\tex\latex\caption\subcaption.sty"
Package: subcaption 2016/05/22 v1.1-161 Sub-captions (AR)

("C:\Program Files\MiKTeX 2.9\tex\latex\caption\caption.sty"
Package: caption 2016/02/21 v3.3-144 Customizing captions (AR)

("C:\Program Files\MiKTeX 2.9\tex\latex\caption\caption3.sty"
Package: caption3 2016/05/22 v1.7-166 caption3 kernel (AR)
Package caption3 Info: TeX engine: e-TeX on input line 67.
\captionmargin=\dimen182
\captionmargin@=\dimen183
\captionwidth=\dimen184
\caption@tempdima=\dimen185
\caption@indent=\dimen186
\caption@parindent=\dimen187
\caption@hangindent=\dimen188
)
\c@ContinuedFloat=\count293
Package caption Info: hyperref package is loaded.
Package caption Info: longtable package is loaded.

("C:\Program Files\MiKTeX 2.9\tex\latex\caption\ltcaption.sty"
Package: ltcaption 2013/06/09 v1.4-94 longtable captions (AR)
))
\c@subfigure=\count294
\c@subtable=\count295
)
("C:\Users\Modelación PROMMRA\AppData\Local\Programs\MiKTeX 2.9\tex\latex\graph
ics\rotating.sty"
Package: rotating 2016/08/11 v2.16d rotated objects in LaTeX

("C:\Users\Modelación PROMMRA\AppData\Local\Programs\MiKTeX 2.9\tex\latex\base\
ifthen.sty"
Package: ifthen 2014/09/29 v1.1c Standard LaTeX ifthen package (DPC)
)
\c@r@tfl@t=\count296
\rotFPtop=\skip64
\rotFPbot=\skip65
\rot@float@box=\box49
\rot@mess@toks=\toks26
)
("C:\Users\Modelación PROMMRA\AppData\Local\Programs\MiKTeX 2.9\tex\latex\xltxt
ra\xltxtra.sty"
Package: xltxtra 2016/01/21 v0.6 Improvements for the "XeLaTeX" format

("C:\Program Files\MiKTeX 2.9\tex\latex\realscripts\realscripts.sty"
Package: realscripts 2016/02/13 v0.3d Access OpenType subscripts and superscrip
ts
.................................................
. LaTeX info: "xparse/define-command"
. 
. Defining command \fakesubscript with sig. 'm' on line 19.
.................................................
.................................................
. LaTeX info: "xparse/define-command"
. 
. Defining command \fakesuperscript with sig. 'm' on line 22.
.................................................
.................................................
. LaTeX info: "xparse/redefine-command"
. 
. Redefining command \textsubscript with sig. 's' on line 25.
.................................................
.................................................
. LaTeX info: "xparse/redefine-command"
. 
. Redefining command \textsuperscript with sig. 's' on line 28.
.................................................
.................................................
. LaTeX info: "xparse/define-command"
. 
. Defining command \realsubscript with sig. 'm' on line 45.
.................................................
.................................................
. LaTeX info: "xparse/define-command"
. 
. Defining command \realsuperscript with sig. 'm' on line 60.
.................................................
.................................................
. LaTeX info: "xparse/define-command"
. 
. Defining command \textsubsuperscript with sig. 'sO{l}mm' on line 138.
.................................................
.................................................
. LaTeX info: "xparse/define-command"
. 
. Defining command \textsupersubscript with sig. 'sO{l}mm' on line 143.
.................................................
\subsupersep=\dimen189
)
("C:\Program Files\MiKTeX 2.9\tex\latex\metalogo\metalogo.sty"
Package: metalogo 2010/05/29 v0.12 Extended TeX logo macros
\xl@everylogo=\toks27
\xl@@everylogo=\toks28
LaTeX Info: Redefining \TeX on input line 193.
LaTeX Info: Redefining \LaTeX on input line 202.
LaTeX Info: Redefining \LaTeXe on input line 219.
)
\l__xetex_show_hyphens_wrapping_box=\box50
\l__xetex_show_hyphens_temp_box=\box51
\l__xetex_show_hyphens_final_box=\box52
\g__xetex_show_hyphens_word_box=\box53
)
("C:\Users\Modelación PROMMRA\AppData\Local\Programs\MiKTeX 2.9\tex\xelatex\xun
icode\xunicode.sty"
File: xunicode.sty 2011/09/09 v0.981 provides access to latin accents and many 
other characters in Unicode lower plane
 ("C:\Program Files\MiKTeX 2.9\tex\latex\tipa\t3enc.def"
File: t3enc.def 2001/12/31 T3 encoding
)
\tipaTiiicode=\count297
\tipasavetokens=\toks29
\tipachecktokens=\toks30
)
.................................................
. fontspec info: "no-scripts"
. 
. Font "Century Gothic" does not contain any OpenType `Script' information.
.................................................
\g__fontspec_family_CenturyGothic_int=\count298
.................................................
. fontspec info: "defining-font"
. 
. Font family 'CenturyGothic(0)' created for font 'Century Gothic' with
. options [Mapping=tex-text,Ligatures=TeX,BoldFont={Century Gothic
. Bold},ItalicFont={Century Gothic Italic},BoldItalicFont={Century Gothic Bold
. Italic}].
.  
.  This font family consists of the following NFSS series/shapes:
.  
. - 'normal' (m/n) with NFSS spec.: <->"Century Gothic/OT:mapping=tex-text;"
. - 'small caps'  (m/sc) with NFSS spec.: 
. - 'bold' (bx/n) with NFSS spec.: <->"Century Gothic
. Bold/OT:mapping=tex-text;"
. - 'bold small caps'  (bx/sc) with NFSS spec.: 
. - 'italic' (m/it) with NFSS spec.: <->"Century Gothic
. Italic/OT:mapping=tex-text;"
. - 'italic small caps'  (m/itsc) with NFSS spec.: 
. - 'bold italic' (bx/it) with NFSS spec.: <->"Century Gothic Bold
. Italic/OT:mapping=tex-text;"
. - 'bold italic small caps'  (bx/itsc) with NFSS spec.: 
.................................................
LaTeX Info: Redefining \rmfamily on input line 95.

("C:\Program Files\MiKTeX 2.9\tex\latex\fancyvrb\fancyvrb.sty"
Package: fancyvrb 2008/02/07

Style option: `fancyvrb' v2.7a, with DG/SPQR fixes, and firstline=lastline fix 
<2008/02/07> (tvz)
\FV@CodeLineNo=\count299
\FV@InFile=\read2
\FV@TabBox=\box54
\c@FancyVerbLine=\count300
\FV@StepNumber=\count301
\FV@OutFile=\write3
)
("C:\Users\Modelación PROMMRA\AppData\Local\Programs\MiKTeX 2.9\tex\latex\graph
ics\color.sty"
Package: color 2016/07/10 v1.1e Standard LaTeX Color (DPC)

("C:\Users\Modelación PROMMRA\AppData\Local\Programs\MiKTeX 2.9\tex\latex\graph
ics-cfg\color.cfg"
File: color.cfg 2016/01/02 v1.6 sample color configuration
)
Package color Info: Driver file: xetex.def on input line 147.
) ("C:\Program Files\MiKTeX 2.9\tex\latex\framed\framed.sty"
Package: framed 2011/10/22 v 0.96: framed or shaded text with page breaks
\OuterFrameSep=\skip66
\fb@frw=\dimen190
\fb@frh=\dimen191
\FrameRule=\dimen192
\FrameSep=\dimen193
) ("C:\Program Files\MiKTeX 2.9\tex\latex\tabulary\tabulary.sty"
Package: tabulary 2014/06/11 v0.10 tabulary package (DPC)

("C:\Users\Modelación PROMMRA\AppData\Local\Programs\MiKTeX 2.9\tex\latex\tools
\array.sty"
Package: array 2016/10/06 v2.4d Tabular extension package (FMi)
\col@sep=\dimen194
\extrarowheight=\dimen195
\NC@list=\toks31
\extratabsurround=\skip67
\backup@length=\skip68
)
\TY@count=\count302
\TY@linewidth=\dimen196
\tymin=\dimen197
\tymax=\dimen198
\TY@tablewidth=\dimen199
) ("C:\Program Files\MiKTeX 2.9\tex\latex\xcolor\xcolor.sty"
Package: xcolor 2016/05/11 v2.12 LaTeX color extensions (UK)

("C:\Users\Modelación PROMMRA\AppData\Local\Programs\MiKTeX 2.9\tex\latex\graph
ics-cfg\color.cfg"
File: color.cfg 2016/01/02 v1.6 sample color configuration
)
Package xcolor Info: Driver file: xetex.def on input line 225.

("C:\Program Files\MiKTeX 2.9\tex\latex\colortbl\colortbl.sty"
Package: colortbl 2018/05/02 v1.0c Color table columns (DPC)
\everycr=\toks32
\minrowclearance=\skip69
)
LaTeX Info: Redefining \color on input line 709.
\rownum=\count303
Package xcolor Info: Model `cmy' substituted by `cmy0' on input line 1348.
Package xcolor Info: Model `RGB' extended on input line 1364.
Package xcolor Info: Model `HTML' substituted by `rgb' on input line 1366.
Package xcolor Info: Model `Hsb' substituted by `hsb' on input line 1367.
Package xcolor Info: Model `tHsb' substituted by `hsb' on input line 1368.
Package xcolor Info: Model `HSB' substituted by `hsb' on input line 1369.
Package xcolor Info: Model `Gray' substituted by `gray' on input line 1370.
Package xcolor Info: Model `wave' substituted by `hsb' on input line 1371.
)
("C:\Program Files\MiKTeX 2.9\tex\latex\wrapfig\wrapfig.sty"
\wrapoverhang=\dimen256
\WF@size=\dimen257
\c@WF@wrappedlines=\count304
\WF@box=\box55
\WF@everypar=\toks33
Package: wrapfig 2003/01/31  v 3.6
)
("C:\Users\Modelación PROMMRA\AppData\Local\Programs\MiKTeX 2.9\tex\latex\float
\float.sty"
Package: float 2001/11/08 v1.3d Float enhancements (AL)
\c@float@type=\count305
\float@exts=\toks34
\float@box=\box56
\@float@everytoks=\toks35
\@floatcapt=\box57
)
("C:\Users\Modelación PROMMRA\AppData\Local\Programs\MiKTeX 2.9\tex\latex\oberd
iek\pdflscape.sty"
Package: pdflscape 2016/05/14 v0.11 Display of landscape pages in PDF (HO)

("C:\Users\Modelación PROMMRA\AppData\Local\Programs\MiKTeX 2.9\tex\latex\graph
ics\lscape.sty"
Package: lscape 2000/10/22 v3.01 Landscape Pages (DPC)
)
Package pdflscape Info: Auto-detected driver: dvipdfm (xetex) on input line 99.

) ("C:\Program Files\MiKTeX 2.9\tex\latex\tabu\tabu.sty"
Package: tabu 2011/02/26 v2.8 - flexible LaTeX tabulars (FC)

("C:\Users\Modelación PROMMRA\AppData\Local\Programs\MiKTeX 2.9\tex\latex\ltxmi
sc\varwidth.sty"
Package: varwidth 2009/03/30 ver 0.92;  Variable-width minipages
\@vwid@box=\box58
\sift@deathcycles=\count306
\@vwid@loff=\dimen258
\@vwid@roff=\dimen259
)
\c@taburow=\count307
\tabu@nbcols=\count308
\tabu@cnt=\count309
\tabu@Xcol=\count310
\tabu@alloc=\count311
\tabu@nested=\count312
\tabu@target=\dimen260
\tabu@spreadtarget=\dimen261
\tabu@naturalX=\dimen262
\tabucolX=\dimen263
\tabu@Xsum=\dimen264
\extrarowdepth=\dimen265
\abovetabulinesep=\dimen266
\belowtabulinesep=\dimen267
\tabustrutrule=\dimen268
\tabu@thebody=\toks36
\tabu@footnotes=\toks37
\tabu@box=\box59
\tabu@arstrutbox=\box60
\tabu@hleads=\box61
\tabu@vleads=\box62
\tabu@cellskip=\skip70
)
("C:\Program Files\MiKTeX 2.9\tex\latex\threeparttable\threeparttable.sty"
Package: threeparttable 2003/06/13  v 3.0
\@tempboxb=\box63
)
("C:\Program Files\MiKTeX 2.9\tex\latex\ulem\ulem.sty"
\UL@box=\box64
\UL@hyphenbox=\box65
\UL@skip=\skip71
\UL@hook=\toks38
\UL@height=\dimen269
\UL@pe=\count313
\UL@pixel=\dimen270
\ULC@box=\box66
Package: ulem 2012/05/18
\ULdepth=\dimen271
)
("C:\Program Files\MiKTeX 2.9\tex\latex\hyphenat\hyphenat.sty"
Package: hyphenat 2009/09/02 v2.3c hyphenation utilities
\langwohyphens=\language76
LaTeX Info: Redefining \_ on input line 43.
)
("C:\Users\Modelación PROMMRA\AppData\Local\Programs\MiKTeX 2.9\tex\latex\tools
\multicol.sty"
Package: multicol 2017/04/11 v1.8q multicolumn formatting (FMi)
\c@tracingmulticols=\count314
\mult@box=\box67
\multicol@leftmargin=\dimen272
\c@unbalance=\count315
\c@collectmore=\count316
\doublecol@number=\count317
\multicoltolerance=\count318
\multicolpretolerance=\count319
\full@width=\dimen273
\page@free=\dimen274
\premulticols=\dimen275
\postmulticols=\dimen276
\multicolsep=\skip72
\multicolbaselineskip=\skip73
\partial@page=\box68
\last@line=\box69
\maxbalancingoverflow=\dimen277
\mult@rightbox=\box70
\mult@grightbox=\box71
\mult@gfirstbox=\box72
\mult@firstbox=\box73
\@tempa=\box74
\@tempa=\box75
\@tempa=\box76
\@tempa=\box77
\@tempa=\box78
\@tempa=\box79
\@tempa=\box80
\@tempa=\box81
\@tempa=\box82
\@tempa=\box83
\@tempa=\box84
\@tempa=\box85
\@tempa=\box86
\@tempa=\box87
\@tempa=\box88
\@tempa=\box89
\@tempa=\box90
\c@columnbadness=\count320
\c@finalcolumnbadness=\count321
\last@try=\dimen278
\multicolovershoot=\dimen279
\multicolundershoot=\dimen280
\mult@nat@firstbox=\box91
\colbreak@box=\box92
\mc@col@check@num=\count322
)
("C:\Users\Modelación PROMMRA\AppData\Local\Programs\MiKTeX 2.9\tex\latex\tools
\tabularx.sty"
Package: tabularx 2016/02/03 v2.11 `tabularx' package (DPC)
\TX@col@width=\dimen281
\TX@old@table=\dimen282
\TX@old@col=\dimen283
\TX@target=\dimen284
\TX@delta=\dimen285
\TX@cols=\count323
\TX@ftn=\toks39
) ("Act. 1.1. Diagnóstico protocolo.aux"

LaTeX Warning: Label `my-label' multiply defined.


LaTeX Warning: Label `my-label' multiply defined.


LaTeX Warning: Label `my-label' multiply defined.


LaTeX Warning: Label `my-label' multiply defined.

)
\openout1 = `"Act. 1.1. Diagnóstico protocolo.aux"'.

LaTeX Font Info:    Checking defaults for OML/cmm/m/it on input line 185.
LaTeX Font Info:    ... okay on input line 185.
LaTeX Font Info:    Checking defaults for T1/cmr/m/n on input line 185.
LaTeX Font Info:    ... okay on input line 185.
LaTeX Font Info:    Checking defaults for OT1/cmr/m/n on input line 185.
LaTeX Font Info:    ... okay on input line 185.
LaTeX Font Info:    Checking defaults for OMS/cmsy/m/n on input line 185.
LaTeX Font Info:    ... okay on input line 185.
LaTeX Font Info:    Checking defaults for TU/lmr/m/n on input line 185.
LaTeX Font Info:    ... okay on input line 185.
LaTeX Font Info:    Checking defaults for OMX/cmex/m/n on input line 185.
LaTeX Font Info:    ... okay on input line 185.
LaTeX Font Info:    Checking defaults for U/cmr/m/n on input line 185.
LaTeX Font Info:    ... okay on input line 185.
LaTeX Font Info:    Checking defaults for TS1/cmr/m/n on input line 185.
LaTeX Font Info:    Try loading font information for TS1+cmr on input line 185.


("C:\Users\Modelación PROMMRA\AppData\Local\Programs\MiKTeX 2.9\tex\latex\base\
ts1cmr.fd"
File: ts1cmr.fd 2014/09/29 v2.5h Standard LaTeX font definitions
)
LaTeX Font Info:    ... okay on input line 185.
LaTeX Font Info:    Checking defaults for PD1/pdf/m/n on input line 185.
LaTeX Font Info:    ... okay on input line 185.
LaTeX Font Info:    Checking defaults for PU/pdf/m/n on input line 185.
LaTeX Font Info:    ... okay on input line 185.
LaTeX Font Info:    Checking defaults for T3/cmr/m/n on input line 185.
LaTeX Font Info:    Try loading font information for T3+cmr on input line 185.
 ("C:\Program Files\MiKTeX 2.9\tex\latex\tipa\t3cmr.fd"
File: t3cmr.fd 2001/12/31 TIPA font definitions
)
LaTeX Font Info:    ... okay on input line 185.
LaTeX Info: Redefining \microtypecontext on input line 185.
Package microtype Info: Character protrusion enabled (level 2).
Package microtype Info: Using protrusion set `basicmath'.
Package microtype Info: No adjustment of tracking.
Package microtype Info: No adjustment of spacing.
Package microtype Info: No adjustment of kerning.
Package microtype Info: Loading generic protrusion settings for font family
(microtype)             `CenturyGothic' (encoding: TU).
(microtype)             For optimal results, create family-specific settings.
(microtype)             See the microtype manual for details.

*geometry* detected driver: pdftex
*geometry* verbose mode - [ preamble ] result:
* driver: pdftex
* paper: letterpaper
* layout: <same size as paper>
* layoutoffset:(h,v)=(0.0pt,0.0pt)
* modes: 
* h-part:(L,W,R)=(72.26999pt, 469.75502pt, 72.26999pt)
* v-part:(T,H,B)=(72.26999pt, 650.43001pt, 72.26999pt)
* \paperwidth=614.295pt
* \paperheight=794.96999pt
* \textwidth=469.75502pt
* \textheight=650.43001pt
* \oddsidemargin=0.0pt
* \evensidemargin=0.0pt
* \topmargin=-37.0pt
* \headheight=12.0pt
* \headsep=25.0pt
* \topskip=10.0pt
* \footskip=30.0pt
* \marginparwidth=65.0pt
* \marginparsep=11.0pt
* \columnsep=10.0pt
* \skip\footins=9.0pt plus 4.0pt minus 2.0pt
* \hoffset=0.0pt
* \voffset=0.0pt
* \mag=1000
* \@twocolumnfalse
* \@twosidefalse
* \@mparswitchfalse
* \@reversemarginfalse
* (1in=72.27pt=25.4mm, 1cm=28.453pt)

\AtBeginShipoutBox=\box93
Package hyperref Info: Link coloring OFF on input line 185.

("C:\Users\Modelación PROMMRA\AppData\Local\Programs\MiKTeX 2.9\tex\latex\hyper
ref\nameref.sty"
Package: nameref 2016/05/21 v2.44 Cross-referencing by name of section

("C:\Users\Modelación PROMMRA\AppData\Local\Programs\MiKTeX 2.9\tex\generic\obe
rdiek\gettitlestring.sty"
Package: gettitlestring 2016/05/16 v1.5 Cleanup title references (HO)
)
\c@section@level=\count324
)
LaTeX Info: Redefining \ref on input line 185.
LaTeX Info: Redefining \pageref on input line 185.
LaTeX Info: Redefining \nameref on input line 185.
 ("Act. 1.1. Diagnóstico protocolo.out")
("Act. 1.1. Diagnóstico protocolo.out")
\@outlinefile=\write4
\openout4 = `"Act. 1.1. Diagnóstico protocolo.out"'.

Package caption Info: Begin \AtBeginDocument code.
Package caption Info: float package is loaded.
Package caption Info: rotating package is loaded.
Package caption Info: threeparttable package is loaded.
Package caption Info: wrapfig package is loaded.
Package caption Info: End \AtBeginDocument code.
*geometry* verbose mode - [ newgeometry ] result:
* driver: pdftex
* paper: letterpaper
* layout: <same size as paper>
* layoutoffset:(h,v)=(0.0pt,0.0pt)
* modes: 
* h-part:(L,W,R)=(85.35826pt, 443.57848pt, 85.35826pt)
* v-part:(T,H,B)=(28.45274pt, 766.51724pt, 0.0pt)
* \paperwidth=614.295pt
* \paperheight=794.96999pt
* \textwidth=443.57848pt
* \textheight=766.51724pt
* \oddsidemargin=13.08827pt
* \evensidemargin=13.08827pt
* \topmargin=-80.81725pt
* \headheight=12.0pt
* \headsep=25.0pt
* \topskip=10.0pt
* \footskip=30.0pt
* \marginparwidth=65.0pt
* \marginparsep=11.0pt
* \columnsep=10.0pt
* \skip\footins=9.0pt plus 4.0pt minus 2.0pt
* \hoffset=0.0pt
* \voffset=0.0pt
* \mag=1000
* \@twocolumnfalse
* \@twosidefalse
* \@mparswitchfalse
* \@reversemarginfalse
* (1in=72.27pt=25.4mm, 1cm=28.453pt)

File: Logo/bg_gob_logo.png Graphic file (type bmp)
<Logo/bg_gob_logo.png>

Underfull \hbox (badness 10000) in paragraph at lines 196--201
[][]\TU/CenturyGothic(0)/bx/n/15 “PLANIFICACIÓN DE LA INVERSIÓN EN REVESTIMIENT
OS
 []

File: Logo/GOB_RGB.png Graphic file (type bmp)
<Logo/GOB_RGB.png>
LaTeX Font Info:    Try loading font information for OT1+lmr on input line 211.


("C:\Users\Modelación PROMMRA\AppData\Local\Programs\MiKTeX 2.9\tex\latex\lm\ot
1lmr.fd"
File: ot1lmr.fd 2009/10/30 v1.6 Font defs for Latin Modern
)
("C:\Program Files\MiKTeX 2.9\tex\latex\microtype\mt-LatinModernRoman.cfg"
File: mt-LatinModernRoman.cfg 2013/03/13 v1.0 microtype config. file: Latin Mod
ern Roman (RS)
)
LaTeX Font Info:    Try loading font information for OML+lmm on input line 211.


("C:\Users\Modelación PROMMRA\AppData\Local\Programs\MiKTeX 2.9\tex\latex\lm\om
llmm.fd"
File: omllmm.fd 2009/10/30 v1.6 Font defs for Latin Modern
)
LaTeX Font Info:    Try loading font information for OMS+lmsy on input line 211
.

("C:\Users\Modelación PROMMRA\AppData\Local\Programs\MiKTeX 2.9\tex\latex\lm\om
slmsy.fd"
File: omslmsy.fd 2009/10/30 v1.6 Font defs for Latin Modern
)
LaTeX Font Info:    Try loading font information for OMX+lmex on input line 211
.

("C:\Users\Modelación PROMMRA\AppData\Local\Programs\MiKTeX 2.9\tex\latex\lm\om
xlmex.fd"
File: omxlmex.fd 2009/10/30 v1.6 Font defs for Latin Modern
)
LaTeX Font Info:    External font `lmex10' loaded for size
(Font)              <10> on input line 211.
LaTeX Font Info:    External font `lmex10' loaded for size
(Font)              <7> on input line 211.
LaTeX Font Info:    External font `lmex10' loaded for size
(Font)              <5> on input line 211.
LaTeX Font Info:    Try loading font information for U+msa on input line 211.

("C:\Users\Modelación PROMMRA\AppData\Local\Programs\MiKTeX 2.9\tex\latex\amsfo
nts\umsa.fd"
File: umsa.fd 2013/01/14 v3.01 AMS symbols A
) ("C:\Program Files\MiKTeX 2.9\tex\latex\microtype\mt-msa.cfg"
File: mt-msa.cfg 2006/02/04 v1.1 microtype config. file: AMS symbols (a) (RS)
)
LaTeX Font Info:    Try loading font information for U+msb on input line 211.

("C:\Users\Modelación PROMMRA\AppData\Local\Programs\MiKTeX 2.9\tex\latex\amsfo
nts\umsb.fd"
File: umsb.fd 2013/01/14 v3.01 AMS symbols B
) ("C:\Program Files\MiKTeX 2.9\tex\latex\microtype\mt-msb.cfg"
File: mt-msb.cfg 2005/06/01 v1.0 microtype config. file: AMS symbols (b) (RS)
)
File: Logo/uls.png Graphic file (type bmp)
<Logo/uls.png>
File: Logo/lgore.pdf Graphic file (type pdf)
<use Logo/lgore.pdf>

Underfull \hbox (badness 10000) in paragraph at lines 227--229
[]
 []

[1


]
Overfull \vbox (1.25336pt too high) detected at line 243
 []

[1

] ("Act. 1.1. Diagnóstico protocolo.toc"
Underfull \hbox (badness 1596) in paragraph at lines 9--9
 [][] [][]\TU/CenturyGothic(0)/m/n/10 Componente 1. Actividad 1.1. Diagnóstico 
técnico-social del Protocolo de 
 []


Underfull \hbox (badness 3492) in paragraph at lines 12--12
 [][] [][]\TU/CenturyGothic(0)/m/n/10 Sistema de Información Geográfica (S.I.G.
) de la red hídrica de una 
 []


Underfull \hbox (badness 1057) in paragraph at lines 25--25
 [][] [][]\TU/CenturyGothic(0)/m/n/10 Componente 1. Actividad 1.1. Diagnóstico 
del Protocolo de Priorización de 
 []

)
\tf@toc=\write5
\openout5 = `"Act. 1.1. Diagnóstico protocolo.toc"'.

 [2

]
Underfull \hbox (badness 10000) in paragraph at lines 283--290

 []


Underfull \hbox (badness 1009) in paragraph at lines 283--290
\TU/CenturyGothic(0)/m/n/10 El proyecto tiene por finalidad planificar el mejor
amiento de la eficiencia de conducción
 []


Underfull \hbox (badness 10000) in paragraph at lines 283--290

 []


Underfull \hbox (badness 1184) in paragraph at lines 283--290
\TU/CenturyGothic(0)/m/n/10 El área en la cual se desarrolla esta iniciativa co
rresponde a la cuenca del río Choapa,
 []


Underfull \hbox (badness 10000) in paragraph at lines 283--290

 []


Underfull \hbox (badness 2495) in paragraph at lines 296--297
[]\TU/CenturyGothic(0)/m/n/10 Sistema virtual de priorización de la inversión e
n mejoramiento de la eficiencia de
 []


Underfull \hbox (badness 10000) in paragraph at lines 300--303

 []


Underfull \hbox (badness 1590) in paragraph at lines 300--303
\TU/CenturyGothic(0)/m/n/10 El equipo de trabajo de este proyecto está constitu
ido por profesionales del Laboratorio
 []


Underfull \hbox (badness 10000) in paragraph at lines 300--303

 []

[3

]
Underfull \hbox (badness 10000) in paragraph at lines 307--310

 []

[4

]
Overfull \hbox (2.29372pt too wide) in paragraph at lines 374--374
[]|\TU/CenturyGothic(0)/bx/n/10 RESULTADOS|  
 []


Overfull \hbox (13.94089pt too wide) in paragraph at lines 331--375
 [][] 
 []

[5

]
Underfull \hbox (badness 10000) in paragraph at lines 401--401
[]|\TU/CenturyGothic(0)/bx/n/10 N°
 []


Underfull \hbox (badness 10000) in paragraph at lines 401--401
[]|\TU/CenturyGothic(0)/bx/n/10 Actividades
 []


Underfull \hbox (badness 10000) in paragraph at lines 401--401
[]|\TU/CenturyGothic(0)/bx/n/10 Actividades
 []


Underfull \hbox (badness 10000) in paragraph at lines 401--401
[]|\TU/CenturyGothic(0)/bx/n/10 % de
 []


Underfull \hbox (badness 10000) in paragraph at lines 401--401
\TU/CenturyGothic(0)/bx/n/10 avance
 []


Overfull \vbox (48.0pt too high) detected at line 401
 []


Underfull \hbox (badness 10000) in paragraph at lines 401--401
[]|\TU/CenturyGothic(0)/m/n/10 Diagnóstico
 []


Underfull \hbox (badness 10000) in paragraph at lines 401--401
\TU/CenturyGothic(0)/m/n/10 técnico-social
 []


Underfull \hbox (badness 10000) in paragraph at lines 401--401
\TU/CenturyGothic(0)/m/n/10 Priorización de
 []


Underfull \hbox (badness 10000) in paragraph at lines 401--401
\TU/CenturyGothic(0)/m/n/10 Inversiones en
 []


Underfull \hbox (badness 10000) in paragraph at lines 401--401
\TU/CenturyGothic(0)/m/n/10 Mejoramiento
 []


Underfull \hbox (badness 4193) in paragraph at lines 401--401
\TU/CenturyGothic(0)/m/n/10 de la eficiencia
 []


Underfull \hbox (badness 10000) in paragraph at lines 401--401
\TU/CenturyGothic(0)/m/n/10 de Conducción
 []


Underfull \hbox (badness 10000) in paragraph at lines 401--401
[]|\TU/CenturyGothic(0)/m/n/10 Definición
 []


Underfull \hbox (badness 10000) in paragraph at lines 401--401
\TU/CenturyGothic(0)/m/n/10 parámetros y
 []


Underfull \hbox (badness 10000) in paragraph at lines 401--401
\TU/CenturyGothic(0)/m/n/10 generación del
 []


Underfull \hbox (badness 10000) in paragraph at lines 401--401
\TU/CenturyGothic(0)/m/n/10 protocolo de
 []


Underfull \hbox (badness 10000) in paragraph at lines 401--401
\TU/CenturyGothic(0)/m/n/10 las variables
 []


Underfull \hbox (badness 10000) in paragraph at lines 401--401
\TU/CenturyGothic(0)/m/n/10 superficie bajo
 []


Underfull \hbox (badness 10000) in paragraph at lines 401--401
[]|\TU/CenturyGothic(0)/m/n/10 Definición de
 []


Underfull \hbox (badness 10000) in paragraph at lines 401--401
\TU/CenturyGothic(0)/m/n/10 parámetros y
 []


Underfull \hbox (badness 10000) in paragraph at lines 401--401
\TU/CenturyGothic(0)/m/n/10 generación
 []


Underfull \hbox (badness 10000) in paragraph at lines 401--401
\TU/CenturyGothic(0)/m/n/10 del protocolo
 []


Underfull \hbox (badness 2376) in paragraph at lines 401--401
\TU/CenturyGothic(0)/m/n/10 para la variable
 []


Underfull \hbox (badness 10000) in paragraph at lines 401--401
\TU/CenturyGothic(0)/m/n/10 modelamiento
 []


Underfull \hbox (badness 10000) in paragraph at lines 401--401
[]|\TU/CenturyGothic(0)/m/n/10 Validación
 []


Underfull \hbox (badness 10000) in paragraph at lines 401--401
\TU/CenturyGothic(0)/m/n/10 del protocolo
 []


Underfull \hbox (badness 10000) in paragraph at lines 401--401
\TU/CenturyGothic(0)/m/n/10 técnico-social
 []


Underfull \hbox (badness 10000) in paragraph at lines 401--401
\TU/CenturyGothic(0)/m/n/10 de inversión en
 []


Underfull \hbox (badness 10000) in paragraph at lines 401--401
\TU/CenturyGothic(0)/m/n/10 mejoramiento
 []


Underfull \hbox (badness 4193) in paragraph at lines 401--401
\TU/CenturyGothic(0)/m/n/10 de la eficiencia
 []


Underfull \hbox (badness 10000) in paragraph at lines 401--401
\TU/CenturyGothic(0)/m/n/10 en conducción
 []


Overfull \vbox (120.0pt too high) detected at line 401
 []


Underfull \hbox (badness 10000) in paragraph at lines 401--401
[]|\TU/CenturyGothic(0)/m/n/10 SIG Red de
 []


Underfull \hbox (badness 10000) in paragraph at lines 401--401
\TU/CenturyGothic(0)/m/n/10 distribución y
 []


Underfull \hbox (badness 10000) in paragraph at lines 401--401
\TU/CenturyGothic(0)/m/n/10 conducción
 []


Underfull \hbox (badness 1009) in paragraph at lines 401--401
\TU/CenturyGothic(0)/m/n/10 hídrica de Junta
 []


Underfull \hbox (badness 10000) in paragraph at lines 401--401
\TU/CenturyGothic(0)/m/n/10 Chalinga y sus
 []


Underfull \hbox (badness 10000) in paragraph at lines 401--401
[]|\TU/CenturyGothic(0)/m/n/10 En Ejecución
 []


Underfull \hbox (badness 10000) in paragraph at lines 401--401
[]|\TU/CenturyGothic(0)/m/n/10 Determinación
 []


Underfull \hbox (badness 10000) in paragraph at lines 401--401
\TU/CenturyGothic(0)/m/n/10 de pérdidas
 []


Underfull \hbox (badness 10000) in paragraph at lines 401--401
\TU/CenturyGothic(0)/m/n/10 canales Junta
 []


Underfull \hbox (badness 10000) in paragraph at lines 401--401
\TU/CenturyGothic(0)/m/n/10 Chalinga y sus
 []


Underfull \hbox (badness 10000) in paragraph at lines 401--401
[]|\TU/CenturyGothic(0)/m/n/10 En Ejecución
 []


Underfull \hbox (badness 3701) in paragraph at lines 401--401
[]|\TU/CenturyGothic(0)/m/n/10 Transferencia de
 []


Underfull \hbox (badness 10000) in paragraph at lines 401--401
\TU/CenturyGothic(0)/m/n/10 capacidades
 []


Underfull \hbox (badness 1184) in paragraph at lines 401--401
\TU/CenturyGothic(0)/m/n/10 en la aplicación
 []


Underfull \hbox (badness 10000) in paragraph at lines 401--401
\TU/CenturyGothic(0)/m/n/10 del protocolo
 []


Underfull \hbox (badness 10000) in paragraph at lines 401--401
\TU/CenturyGothic(0)/m/n/10 técnico-social
 []


Underfull \hbox (badness 10000) in paragraph at lines 401--401
\TU/CenturyGothic(0)/m/n/10 de la inversión
 []


Underfull \hbox (badness 4193) in paragraph at lines 401--401
\TU/CenturyGothic(0)/m/n/10 de la eficiencia
 []


Underfull \hbox (badness 10000) in paragraph at lines 401--401
\TU/CenturyGothic(0)/m/n/10 de conducción
 []


Underfull \hbox (badness 10000) in paragraph at lines 401--401
[]|\TU/CenturyGothic(0)/m/n/10 En Ejecución
 []

[6

] [7

] [8

]
Underfull \hbox (badness 1609) in paragraph at lines 440--441
\TU/CenturyGothic(0)/m/n/10 en obras de conducción del sistema de distribución 
de aguas. Hay que tener en
 []

[9

] [10]
Underfull \hbox (badness 10000) in paragraph at lines 484--489

 []


Underfull \hbox (badness 10000) in paragraph at lines 484--489

 []


Underfull \hbox (badness 1584) in paragraph at lines 484--489
\TU/CenturyGothic(0)/m/n/10 El levantamiento de datos del canal comienza desde 
la bocatoma, la que tiene como
 []

[11]
Underfull \hbox (badness 10000) in paragraph at lines 497--501

 []


Underfull \hbox (badness 2277) in paragraph at lines 497--501
\TU/CenturyGothic(0)/m/n/10 El revestimiento de un canal tiene como objetivo di
sminuir o erradicar las pérdidas por
 []


Underfull \hbox (badness 10000) in paragraph at lines 497--501

 []


Underfull \hbox (badness 10000) in paragraph at lines 497--501

 []

[12]
Underfull \hbox (badness 10000) in paragraph at lines 546--546
[]|\TU/CenturyGothic(0)/m/n/10 Quebrada
 []


Underfull \hbox (badness 10000) in paragraph at lines 558--558
[]|\TU/CenturyGothic(0)/m/n/10 Compuerta y
 []


Underfull \hbox (badness 10000) in paragraph at lines 569--569
[]|\TU/CenturyGothic(0)/m/n/10 Estación
 []


Underfull \hbox (badness 10000) in paragraph at lines 571--571
[]|\TU/CenturyGothic(0)/m/n/10 Sección
 []


Underfull \hbox (badness 10000) in paragraph at lines 571--571
\TU/CenturyGothic(0)/m/n/10 Rectangular con
 []


Underfull \hbox (badness 1742) in paragraph at lines 573--573
[]|\TU/CenturyGothic(0)/m/n/10 Barrera Triangular y
 []

[13

]
Underfull \hbox (badness 10000) in paragraph at lines 605--605
[]|\TU/CenturyGothic(0)/m/n/10 Geomembrana
 []


Underfull \hbox (badness 10000) in paragraph at lines 622--622
[]|\TU/CenturyGothic(0)/m/n/10 Captación
 []


Underfull \hbox (badness 10000) in paragraph at lines 622--622
\TU/CenturyGothic(0)/m/n/10 Gravitacional
 []


Underfull \hbox (badness 10000) in paragraph at lines 623--623
[]|\TU/CenturyGothic(0)/m/n/10 Captación
 []


Underfull \hbox (badness 10000) in paragraph at lines 623--623
\TU/CenturyGothic(0)/m/n/10 Gravitacional
 []

[14]
Underfull \hbox (badness 10000) in paragraph at lines 649--649
[]|\TU/CenturyGothic(0)/m/n/10 Inicio
 []


Underfull \hbox (badness 10000) in paragraph at lines 650--650
[]|\TU/CenturyGothic(0)/m/n/10 Punto
 []


Underfull \hbox (badness 10000) in paragraph at lines 653--653
[]|\TU/CenturyGothic(0)/m/n/10 Inicio
 []


Underfull \hbox (badness 10000) in paragraph at lines 659--659
[]|\TU/CenturyGothic(0)/m/n/10 Cámara de
 []

[15]
Underfull \hbox (badness 10000) in paragraph at lines 671--674

 []


Underfull \hbox (badness 10000) in paragraph at lines 676--679

 []


Underfull \hbox (badness 2626) in paragraph at lines 676--679
\TU/CenturyGothic(0)/m/n/10 Los aforos se realizaron siguiendo el método de Áre
a-Velocidad, el que consiste en la
 []


Underfull \hbox (badness 1152) in paragraph at lines 676--679
\TU/CenturyGothic(0)/m/n/10 determinación del área de la sección transversal y 
la velocidad media del flujo de esta,
 []

[16]
Underfull \hbox (badness 10000) in paragraph at lines 719--722

 []

[17]
Underfull \hbox (badness 1824) in paragraph at lines 730--731
[]\TU/CenturyGothic(0)/m/n/10 La toma de medida en un punto, debe durar al meno
s 60 segundos, anotándose
 []


Underfull \hbox (badness 10000) in paragraph at lines 735--738

 []


Underfull \hbox (badness 3601) in paragraph at lines 742--743
[]\TU/CenturyGothic(0)/m/n/10 Como regla general se recomienda comenzar la medi
ción en la variación de la
 []

[18]
Underfull \hbox (badness 10000) in paragraph at lines 765--770

 []


Underfull \hbox (badness 1264) in paragraph at lines 777--778
[] []|\TU/CenturyGothic(0)/bx/n/10 6.1.4.4 Planilla PROMMRA Q- Canal:[] \TU/Cen
turyGothic(0)/m/n/10 En el aforo de una sección debemos completar la
 []

[19] [20] [21]
Underfull \hbox (badness 10000) in paragraph at lines 838--839

 []


Underfull \hbox (badness 10000) in paragraph at lines 851--852

 []


Underfull \hbox (badness 10000) in paragraph at lines 861--862

 []

[22

]
Underfull \hbox (badness 10000) in paragraph at lines 888--891

 []


Underfull \hbox (badness 5091) in paragraph at lines 911--912
\TU/CenturyGothic(0)/m/n/10 A partir de la modelación de escenarios de revestim
iento zonificados en las distintas
 []


Underfull \hbox (badness 1137) in paragraph at lines 915--916
[]\TU/CenturyGothic(0)/m/it/10 Volumen almacenado en los embalses\TU/CenturyGot
hic(0)/m/n/10 . Se evaluará la condición de los volúmenes
 []

[23]
Underfull \hbox (badness 1028) in paragraph at lines 934--935
[]\TU/CenturyGothic(0)/m/it/10 Seguridad de la cobertura de la demanda agrícola
\TU/CenturyGothic(0)/m/n/10 .Se evaluará el porcentaje de la
 []

File: Logo/WEAPTopologia.jpg Graphic file (type bmp)
<Logo/WEAPTopologia.jpg>

Overfull \hbox (6.80994pt too wide) in paragraph at lines 953--954
 [] 
 []

[24] [25] [26]
File: Logo/WEAP1.png Graphic file (type bmp)
<Logo/WEAP1.png>

Underfull \hbox (badness 1968) in paragraph at lines 1031--1032
\TU/CenturyGothic(0)/m/n/10 algoritmos de cálculo o lógica. En esta sección, ex
isten variables que permiten ir
 []

File: Logo/WEAP2.png Graphic file (type bmp)
<Logo/WEAP2.png>
[27]
Underfull \hbox (badness 2512) in paragraph at lines 1049--1050
[]\TU/CenturyGothic(0)/bx/it/10 Generación de escenarios de revestimiento\TU/Ce
nturyGothic(0)/bx/n/10 : \TU/CenturyGothic(0)/m/n/10 Para la generación de esce
narios de
 []

File: Logo/WEAP3.png Graphic file (type bmp)
<Logo/WEAP3.png>
[28]
File: Logo/WEAP4.png Graphic file (type bmp)
<Logo/WEAP4.png>
 [29] [30]
Underfull \hbox (badness 1824) in paragraph at lines 1095--1096
\TU/CenturyGothic(0)/m/n/10 desde terreno, permitirá definir los tramos para ev
aluación de pérdidas por conducción,
 []

[31]
Underfull \hbox (badness 1472) in paragraph at lines 1163--1164
[]\TU/CenturyGothic(0)/m/n/10 Los resultados obtenidos de la validación para va
riables que contemple el protocolo de
 []

LaTeX Font Info:    External font `lmex10' loaded for size
(Font)              <8> on input line 1176.
LaTeX Font Info:    External font `lmex10' loaded for size
(Font)              <6> on input line 1176.

Overfull \hbox (60.44106pt too wide) in alignment at lines 1167--1178
 [] [] [] [] 
 []

[32]
Underfull \hbox (badness 3128) in paragraph at lines 1221--1222
[]\TU/CenturyGothic(0)/m/n/10 Los resultados obtenidos de las superficie por ca
nal, se puede ver que no existe una
 []

[33]
File: Logo/DiagramaChalinga.png Graphic file (type bmp)
<Logo/DiagramaChalinga.png>

Overfull \hbox (6.81105pt too wide) in paragraph at lines 1230--1231
 [] 
 []


Underfull \hbox (badness 10000) in paragraph at lines 1241--1242

 []


Underfull \hbox (badness 10000) in paragraph at lines 1245--1247

 []

File: Logo/Validación1.png Graphic file (type bmp)
<Logo/Validación1.png>

Overfull \hbox (6.79784pt too wide) in paragraph at lines 1252--1253
 [] 
 []

[34]
File: Logo/Validación2.png Graphic file (type bmp)
<Logo/Validación2.png>

Overfull \hbox (6.80313pt too wide) in paragraph at lines 1262--1263
 [] 
 []

Package atveryend Info: Empty hook `BeforeClearDocument' on input line 1271.
[35] [36]
Package atveryend Info: Empty hook `AfterLastShipout' on input line 1271.
 ("Act. 1.1. Diagnóstico protocolo.aux")
Package atveryend Info: Empty hook `AtVeryEndDocument' on input line 1271.
Package atveryend Info: Empty hook `AtEndAfterFileList' on input line 1271.


LaTeX Warning: There were multiply-defined labels.

 ) 
Here is how much of TeX's memory you used:
 29647 strings out of 427836
 516562 string characters out of 3146053
 732783 words of memory out of 3000000
 33289 multiletter control sequences out of 15000+200000
 553246 words of font info for 73 fonts, out of 3000000 for 9000
 1328 hyphenation exceptions out of 8191
 59i,17n,94p,970b,520s stack positions out of 5000i,500n,10000p,200000b,50000s

Output written on Act. 1.1. Diagnóstico protocolo.pdf (37 pages).
