\BOOKMARK [1][-]{section.1}{Resumen\040del\040Proyecto}{}% 1
\BOOKMARK [1][-]{section.2}{Resumen del período a informar}{}% 2
\BOOKMARK [1][-]{section.3}{Actividades\040programadas\040y\040ejecutadas}{}% 3
\BOOKMARK [1][-]{section.4}{Razones\040que\040explican\040las\040discrepancias\040entre\040actividades\040programadas\040y\040las\040efectivamente\040realizadas}{}% 4
\BOOKMARK [1][-]{section.5}{Carta\040Gantt}{}% 5
\BOOKMARK [1][-]{section.6}{Cuadro\040de\040antecedentes\040financieros}{}% 6
\BOOKMARK [1][-]{section.7}{Gráfico curva de avance físico v/s programado}{}% 7
\BOOKMARK [1][-]{section.8}{Metodología}{}% 8
\BOOKMARK [2][-]{subsection.8.1}{Componente 2. Actividad 2.1. S.I.G. Red de distribución y conducción hídrica de Junta de Vigilancia Río Chalinga y sus afluentes.}{section.8}% 9
\BOOKMARK [3][-]{subsubsection.8.1.1}{Captura\040de\040datos\040en\040terreno.}{subsection.8.1}% 10
\BOOKMARK [3][-]{subsubsection.8.1.2}{Posproceso\040de\040datos\040capturados.}{subsection.8.1}% 11
\BOOKMARK [3][-]{subsubsection.8.1.3}{Procesamiento de la información recopilada.}{subsection.8.1}% 12
\BOOKMARK [3][-]{subsubsection.8.1.4}{Generación de variables de clasificación e insumos para determinación de pérdidas.}{subsection.8.1}% 13
\BOOKMARK [2][-]{subsection.8.2}{Componente 2. Actividad 2.2. Determinación de Pérdidas canales Junta de Vigilancia Río Chalinga y sus afluentes.}{section.8}% 14
\BOOKMARK [3][-]{subsubsection.8.2.1}{Determinación de tramos.}{subsection.8.2}% 15
\BOOKMARK [3][-]{subsubsection.8.2.2}{Aforos y determinación de pérdidas.}{subsection.8.2}% 16
\BOOKMARK [2][-]{subsection.8.3}{Componente 2. Actividad 2.3. Evaluación Superficie bajo riego y superficie potencial de las zonas de riego de la Junta de Vigilancia Río Chalinga y sus afluentes.}{section.8}% 17
\BOOKMARK [2][-]{subsection.8.4}{Componente 2. Actividad 2.4. Evaluación Modelamiento hidrológico de la red de distribución Junta de Vigilancia Río Chalinga y sus afluentes.}{section.8}% 18
\BOOKMARK [2][-]{subsection.8.5}{Componente 2. Actividad 2.5. Transferencia de capacidades en la aplicación del protocolo técnico-social de la inversión en mejoramiento de la eficiencia de conducción hídrica.}{section.8}% 19
\BOOKMARK [2][-]{subsection.8.6}{Componente 2. Actividad 2.6. Plan de Priorización de canales y/o tramos de la red de distribución de la Junta de Vigilancia Río Chalinga y sus afluentes.}{section.8}% 20
\BOOKMARK [1][-]{section.9}{Resultados\040e\040Hitos}{}% 21
\BOOKMARK [2][-]{subsection.9.1}{Componente 2. Actividad 2.1. SIG Red de distribución y conducción hídrica de Junta de Vigilancia Río Chalinga y sus afluentes.}{section.9}% 22
\BOOKMARK [2][-]{subsection.9.2}{Componente 2. Actividad 2.2. Determinación de Pérdidas canales Junta de Vigilancia Río Chalinga y sus afluentes.}{section.9}% 23
\BOOKMARK [2][-]{subsection.9.3}{Componente 2. Actividad 2.3. Evaluación Superficie bajo riego y superficie potencial de las zonas de riego de la Junta de Vigilancia Río Chalinga y sus afluentes.}{section.9}% 24
\BOOKMARK [2][-]{subsection.9.4}{Componente 2. Actividad 2.4. Evaluación Modelamiento hidrológico de la red de distribución Junta de Vigilancia Río Chalinga y sus afluentes.}{section.9}% 25
\BOOKMARK [2][-]{subsection.9.5}{Componente 2. Actividad 2.5. Transferencia de capacidades en la aplicación del protocolo técnico-social de la inversión en mejoramiento de la eficiencia de conducción hídrica.}{section.9}% 26
\BOOKMARK [2][-]{subsection.9.6}{Componente 2. Actividad 2.6. Plan de Priorización de canales y/o tramos de la red de distribución de la Junta de Vigilancia Río Chalinga y sus afluentes.}{section.9}% 27
\BOOKMARK [2][-]{subsection.9.7}{Componente 1. Actividad 1.4. Validación del protocolo técnico-social de inversión en mejoramiento de la eficiencia de conducción hídrica.}{section.9}% 28
\BOOKMARK [3][-]{subsubsection.9.7.1}{Recopilación de información.}{subsection.9.7}% 29
\BOOKMARK [3][-]{subsubsection.9.7.2}{Sistema de Información Geográfica \(S.I.G.\).}{subsection.9.7}% 30
\BOOKMARK [3][-]{subsubsection.9.7.3}{Determinación general de pérdidas.}{subsection.9.7}% 31
\BOOKMARK [3][-]{subsubsection.9.7.4}{Superficie\040bajo\040riego\040y\040superficie\040potencial.}{subsection.9.7}% 32
\BOOKMARK [3][-]{subsubsection.9.7.5}{Modelación hidrológica.}{subsection.9.7}% 33
\BOOKMARK [3][-]{subsubsection.9.7.6}{Priorización de canales y tramos.}{subsection.9.7}% 34
\BOOKMARK [2][-]{subsection.9.8}{Resultados Actividades de Difusión}{section.9}% 35
\BOOKMARK [1][-]{section.10}{Impactos\040logrados\040a\040la\040fecha.}{}% 36
\BOOKMARK [1][-]{section.11}{Problemas\040enfrentados.}{}% 37
\BOOKMARK [1][-]{section.12}{Programa del próximo período.}{}% 38
\BOOKMARK [1][-]{section.13}{Conclusiones\040y\040recomendaciones.}{}% 39
\BOOKMARK [1][-]{section.14}{Anexos.\040Componente\0402.}{}% 40
\BOOKMARK [2][-]{subsection.14.1}{Diccionario\040S.I.G.}{section.14}% 41
\BOOKMARK [2][-]{subsection.14.2}{Imágenes y listado de asistencia reunión Junta de Vigilancia Río Chalinga y sus afluentes.}{section.14}% 42
\BOOKMARK [2][-]{subsection.14.3}{Comunidades de aguas bajo jurisdicción de la Junta de Vigilancia Río Chalinga y sus afluentes.}{section.14}% 43
\BOOKMARK [2][-]{subsection.14.4}{Entrevista representante Junta de Vigilancia Río Chalinga y sus afluentes.}{section.14}% 44
\BOOKMARK [2][-]{subsection.14.5}{Entrevistas representantes Comunidades de Aguas de la Junta de Vigilancia Río Chalinga y sus afluentes.}{section.14}% 45
