\BOOKMARK [1][-]{section.1}{Resumen\040del\040Proyecto}{}% 1
\BOOKMARK [1][-]{section.2}{Resumen del período a informar}{}% 2
\BOOKMARK [1][-]{section.3}{Actividades\040programadas\040y\040ejecutadas}{}% 3
\BOOKMARK [1][-]{section.4}{Razones\040que\040explican\040las\040discrepancias\040entre\040actividades\040programadas\040y\040las\040efectivamente\040realizadas}{}% 4
\BOOKMARK [1][-]{section.5}{Carta\040Gantt}{}% 5
\BOOKMARK [1][-]{section.6}{Cuadro\040de\040antecedentes\040financieros}{}% 6
\BOOKMARK [1][-]{section.7}{Gráfico curva de avance físico v/s programado}{}% 7
\BOOKMARK [1][-]{section.8}{Metodología}{}% 8
\BOOKMARK [2][-]{subsection.8.1}{Componente 1. Actividad 1.1. Diagnóstico técnico-social del Protocolo de Priorización de Inversiones en Mejoramiento de la eficiencia de Conducción Hídrica}{section.8}% 9
\BOOKMARK [2][-]{subsection.8.2}{Componente 1. Actividad 1.2. Definición parámetros y generación de los protocolos de variable superficie bajo riego y superficie potencial.}{section.8}% 10
\BOOKMARK [2][-]{subsection.8.3}{Componente 1. Actividad 1.3. Definición de parámetros y generación de los protocolos para la variable modelamiento hidrológico.}{section.8}% 11
\BOOKMARK [2][-]{subsection.8.4}{Componente 1. Actividad 1.4. Validación del protocolo técnico-social de inversión en mejoramiento de la eficiencia en conducción hídrica.}{section.8}% 12
\BOOKMARK [1][-]{section.9}{Resultados}{}% 13
\BOOKMARK [2][-]{subsection.9.1}{Componente 1. Actividad 1.1. Diagnóstico del Protocolo de Priorización de Inversiones en Mejoramiento de la eficiencia de Conducción Hídrica}{section.9}% 14
\BOOKMARK [3][-]{subsubsection.9.1.1}{Variables requeridas por el Protocolo de priorización de inversiones en mejoramiento de la eficiencia de conducción hídrica.}{subsection.9.1}% 15
\BOOKMARK [3][-]{subsubsection.9.1.2}{Recopilación información de la zona a evaluar y de la Organización de Usuarios de Aguas.}{subsection.9.1}% 16
\BOOKMARK [3][-]{subsubsection.9.1.3}{Sistema de Información Geográfica \(S.I.G.\) de la red hídrica de una Organización de Usuarios de Aguas}{subsection.9.1}% 17
\BOOKMARK [3][-]{subsubsection.9.1.4}{Determinación de pérdidas generales por conducción}{subsection.9.1}% 18
\BOOKMARK [3][-]{subsubsection.9.1.5}{Priorización de canales y/o tramos.}{subsection.9.1}% 19
\BOOKMARK [3][-]{subsubsection.9.1.6}{Diagnóstico y propuesta de fortalecimiento}{subsection.9.1}% 20
\BOOKMARK [2][-]{subsection.9.2}{Componente 1. Actividad 1.2. Definición parámetros y generación de los protocolos de variable superficie bajo riego y potencial.}{section.9}% 21
\BOOKMARK [3][-]{subsubsection.9.2.1}{Protocolo\040de\040las\040variables\040superficie\040bajo\040riego\040y\040superficie\040potencial.}{subsection.9.2}% 22
\BOOKMARK [2][-]{subsection.9.3}{Componente 1. Actividad 1.3. Definición de parámetros y generación de los protocolos para la variable modelamiento hidrológico.}{section.9}% 23
\BOOKMARK [2][-]{subsection.9.4}{Componente 1. Actividad 1.4. Validación del protocolo técnico-social de inversión en mejoramiento de la eficiencia de conducción hídrica.}{section.9}% 24
\BOOKMARK [3][-]{subsubsection.9.4.1}{Recopilación de información.}{subsection.9.4}% 25
\BOOKMARK [3][-]{subsubsection.9.4.2}{Sistema de Información Geográfica \(S.I.G.\).}{subsection.9.4}% 26
\BOOKMARK [3][-]{subsubsection.9.4.3}{Determinación general de pérdidas.}{subsection.9.4}% 27
\BOOKMARK [3][-]{subsubsection.9.4.4}{Superficie\040bajo\040riego\040y\040superficie\040potencial.}{subsection.9.4}% 28
\BOOKMARK [3][-]{subsubsection.9.4.5}{Modelación hidrológica.}{subsection.9.4}% 29
\BOOKMARK [3][-]{subsubsection.9.4.6}{Priorización de canales y tramos.}{subsection.9.4}% 30
\BOOKMARK [2][-]{subsection.9.5}{Resultados Actividades de Difusión}{section.9}% 31
\BOOKMARK [1][-]{section.10}{Impactos\040logrados\040a\040la\040fecha.}{}% 32
\BOOKMARK [1][-]{section.11}{Problemas\040enfrentados.}{}% 33
\BOOKMARK [1][-]{section.12}{Programa del próximo período.}{}% 34
\BOOKMARK [1][-]{section.13}{Conclusiones\040y\040recomendaciones.}{}% 35
\BOOKMARK [1][-]{section.14}{Anexos.\040Componente\0401.}{}% 36
